Guessing word,chad_id=-463144630,user="Динара Гилязева"(776625534),is_master=False,text="Походу я нашла",word=""
Guessing word,chad_id=-463144630,user="Динара Гилязева"(776625534),is_master=False,text="Тупую ошибку в логике",word=""
Got command /start,chat_id=-463144630,user_id
chat_id=-463144630, New master is "Динара Гилязева"(776625534)
Guessing word,chad_id=-463144630,user="Вульфрик 🐸"(249310034),is_master=False,text="123",word="выносить сор из избы"
Guessing word,chad_id=-463144630,user="Вульфрик 🐸"(249310034),is_master=False,text="Всё, слова не вижу",word="выносить сор из избы"
Guessing word,chad_id=-463144630,user="Алена"(979206065),is_master=False,text="Я вроде тоже",word="выносить сор из избы"
Guessing word,chad_id=-463144630,user="Алена"(979206065),is_master=False,text="И так, нам нужно просто подбирать или ты объяснишь?",word="выносить сор из избы"
Guessing word,chad_id=-463144630,user="Алена"(979206065),is_master=False,text="Это на время?",word="выносить сор из избы"
Guessing word,chad_id=-463144630,user="Динара Гилязева"(776625534),is_master=True,text="Вижу, что вы не видите)",word="выносить сор из избы"
Guessing word,chad_id=-463144630,user="Динара Гилязева"(776625534),is_master=True,text="Попробуйте /master написать",word="выносить сор из избы"
Got command /master,chat_id=-463144630,user="Алена"(979206065),timedelta=-13
chat_id=-463144630, New master is "Алена"(979206065)
Guessing word,chad_id=-463144630,user="Алена"(979206065),is_master=True,text="Оба",word="граффити"
Guessing word,chad_id=-463144630,user="Алена"(979206065),is_master=True,text="Работает",word="граффити"
Guessing word,chad_id=-463144630,user="Динара Гилязева"(776625534),is_master=False,text="Так должно быть)",word="граффити"
Guessing word,chad_id=-463144630,user="Вульфрик 🐸"(249310034),is_master=False,text="1",word="граффити"
Guessing word,chad_id=-463144630,user="Алена"(979206065),is_master=True,text="Вижу слово",word="граффити"
Guessing word,chad_id=-463144630,user="Динара Гилязева"(776625534),is_master=False,text="Ты ведущий",word="граффити"
Guessing word,chad_id=-463144630,user="Алена"(979206065),is_master=True,text="Объяснять?",word="граффити"
Guessing word,chad_id=-463144630,user="Динара Гилязева"(776625534),is_master=False,text="Давай",word="граффити"
Guessing word,chad_id=-463144630,user="Алена"(979206065),is_master=True,text="Вопрос",word="граффити"
Guessing word,chad_id=-463144630,user="Динара Гилязева"(776625534),is_master=False,text="Нельзя однокоренные, все такое",word="граффити"
Guessing word,chad_id=-463144630,user="Алена"(979206065),is_master=True,text="А есть наказание, если я скажу однокоренное?",word="граффити"
Guessing word,chad_id=-463144630,user="Динара Гилязева"(776625534),is_master=False,text="Неь",word="граффити"
Guessing word,chad_id=-463144630,user="Алена"(979206065),is_master=True,text="Так не интересно",word="граффити"
Guessing word,chad_id=-463144630,user="Алена"(979206065),is_master=True,text="Ну ладно",word="граффити"
Guessing word,chad_id=-463144630,user="Алена"(979206065),is_master=True,text="Это рисуют на стенах",word="граффити"
chat_id=-463144630, New master is "Динара Гилязева"(776625534)
Guessing word,chad_id=-463144630,user="Динара Гилязева"(776625534),is_master=True,text="Граффити",word="граффити"
Guessing word,chad_id=-463144630,user="Динара Гилязева"(776625534),is_master=True,text="Выражение",word="скатертью дорога"
Guessing word,chad_id=-463144630,user="Динара Гилязева"(776625534),is_master=True,text="Смысл "вали"",word="скатертью дорога"
Guessing word,chad_id=-463144630,user="Алена"(979206065),is_master=False,text="Дуй отсюда",word="скатертью дорога"
Guessing word,chad_id=-463144630,user="Динара Гилязева"(776625534),is_master=True,text="Объясняю по словам",word="скатертью дорога"
Guessing word,chad_id=-463144630,user="Вульфрик 🐸"(249310034),is_master=False,text="Я могу кучу вариантов придумать",word="скатертью дорога"
Guessing word,chad_id=-463144630,user="Алена"(979206065),is_master=False,text="Изыйди нечисть",word="скатертью дорога"
Guessing word,chad_id=-463144630,user="Динара Гилязева"(776625534),is_master=True,text="Первое - это стелят на стол",word="скатертью дорога"
chat_id=-463144630, New master is "Алена"(979206065)
Guessing word,chad_id=-463144630,user="Алена"(979206065),is_master=True,text="Скатертью дорога",word="скатертью дорога"
Guessing word,chad_id=-463144630,user="Динара Гилязева"(776625534),is_master=False,text="Молодец)",word="креветка"
Guessing word,chad_id=-463144630,user="Алена"(979206065),is_master=True,text="Это морское, маленькое и вкусное",word="креветка"
Guessing word,chad_id=-463144630,user="Вульфрик 🐸"(249310034),is_master=False,text="Осьминог",word="креветка"
Guessing word,chad_id=-463144630,user="Алена"(979206065),is_master=True,text="Оранжевенькое",word="креветка"
Guessing word,chad_id=-463144630,user="Алена"(979206065),is_master=True,text="Я ещё хотела когда-то это связать",word="креветка"
Guessing word,chad_id=-463144630,user="Динара Гилязева"(776625534),is_master=False,text="Соль?",word="креветка"
Guessing word,chad_id=-463144630,user="Вульфрик 🐸"(249310034),is_master=False,text="Моль",word="креветка"
Guessing word,chad_id=-463144630,user="Динара Гилязева"(776625534),is_master=False,text="Ахах",word="креветка"
Guessing word,chad_id=-463144630,user="Алена"(979206065),is_master=True,text="Морское!",word="креветка"
Guessing word,chad_id=-463144630,user="Алена"(979206065),is_master=True,text="Маленькое",word="креветка"
Guessing word,chad_id=-463144630,user="Вульфрик 🐸"(249310034),is_master=False,text="Лучше без edit, ибо бот их вроде как не видит",word="креветка"
Guessing word,chad_id=-463144630,user="Алена"(979206065),is_master=True,text="К пиву",word="креветка"
Guessing word,chad_id=-463144630,user="Алена"(979206065),is_master=True,text="Без чего?",word="креветка"
Guessing word,chad_id=-463144630,user="Вульфрик 🐸"(249310034),is_master=False,text="Любое сообщение можно исправить",word="креветка"
Guessing word,chad_id=-463144630,user="Алена"(979206065),is_master=True,text="С усиками",word="креветка"
Guessing word,chad_id=-463144630,user="Вульфрик 🐸"(249310034),is_master=False,text="Эти исправление бот вроде как не видит",word="креветка"
Guessing word,chad_id=-463144630,user="Алена"(979206065),is_master=True,text="И что?",word="креветка"
Guessing word,chad_id=-463144630,user="Вульфрик 🐸"(249310034),is_master=False,text="Я думаю",word="креветка"
Guessing word,chad_id=-463144630,user="Вульфрик 🐸"(249310034),is_master=False,text="ахахах",word="креветка"
Guessing word,chad_id=-463144630,user="Алена"(979206065),is_master=True,text="Ну ребят, вы чего",word="креветка"
Guessing word,chad_id=-463144630,user="Динара Гилязева"(776625534),is_master=False,text="Сом",word="креветка"
Guessing word,chad_id=-463144630,user="Динара Гилязева"(776625534),is_master=False,text="Рыба",word="креветка"
Guessing word,chad_id=-463144630,user="Вульфрик 🐸"(249310034),is_master=False,text="Треска",word="креветка"
Guessing word,chad_id=-463144630,user="Динара Гилязева"(776625534),is_master=False,text="Кальмар",word="креветка"
Guessing word,chad_id=-463144630,user="Алена"(979206065),is_master=True,text="Маленькое!",word="креветка"
chat_id=-463144630, New master is "Динара Гилязева"(776625534)
Guessing word,chad_id=-463144630,user="Динара Гилязева"(776625534),is_master=True,text="Креветка",word="креветка"
Guessing word,chad_id=-463144630,user="Алена"(979206065),is_master=False,text="Не рыба!",word="енот-полоскун"
Guessing word,chad_id=-463144630,user="Динара Гилязева"(776625534),is_master=True,text="О",word="енот-полоскун"
Guessing word,chad_id=-463144630,user="Динара Гилязева"(776625534),is_master=True,text="Класс",word="енот-полоскун"
Guessing word,chad_id=-463144630,user="Алена"(979206065),is_master=False,text="Прикольно",word="енот-полоскун"
Guessing word,chad_id=-463144630,user="Динара Гилязева"(776625534),is_master=True,text="Криво выводится, знаю))",word="енот-полоскун"
Guessing word,chad_id=-463144630,user="Алена"(979206065),is_master=False,text="Мне нравится",word="енот-полоскун"
Got command /rating,chat_id=-463144630,rating=Динара Гилязева: 2 Алена: 1 
Guessing word,chad_id=-463144630,user="Алена"(979206065),is_master=False,text="Вах",word="енот-полоскун"
Guessing word,chad_id=-463144630,user="Алена"(979206065),is_master=False,text="Даже так можно",word="енот-полоскун"
Guessing word,chad_id=-463144630,user="Динара Гилязева"(776625534),is_master=True,text="Она знает твое имя",word="енот-полоскун"
Guessing word,chad_id=-463144630,user="Вульфрик 🐸"(249310034),is_master=False,text="Учительница",word="енот-полоскун"
Guessing word,chad_id=-463144630,user="Вульфрик 🐸"(249310034),is_master=False,text="Учитель",word="енот-полоскун"
Guessing word,chad_id=-463144630,user="Вульфрик 🐸"(249310034),is_master=False,text="Преподаватель",word="енот-полоскун"
Guessing word,chad_id=-463144630,user="Динара Гилязева"(776625534),is_master=True,text="На самом деле, я как программист могу видеть все слова",word="енот-полоскун"
Guessing word,chad_id=-463144630,user="Динара Гилязева"(776625534),is_master=True,text="Что?",word="енот-полоскун"
Guessing word,chad_id=-463144630,user="Алена"(979206065),is_master=False,text="Ты начала объяснять?",word="енот-полоскун"
Guessing word,chad_id=-463144630,user="Вульфрик 🐸"(249310034),is_master=False,text="Я думал ты уже слово описываешь)0",word="енот-полоскун"
Guessing word,chad_id=-463144630,user="Динара Гилязева"(776625534),is_master=True,text="Ахаххахпх",word="енот-полоскун"
Guessing word,chad_id=-463144630,user="Алена"(979206065),is_master=False,text="Начинай давай",word="енот-полоскун"
Guessing word,chad_id=-463144630,user="Динара Гилязева"(776625534),is_master=True,text="Окей, объясняю",word="енот-полоскун"
Guessing word,chad_id=-463144630,user="Динара Гилязева"(776625534),is_master=True,text="Полосатый зверек",word="енот-полоскун"
Guessing word,chad_id=-463144630,user="Вульфрик 🐸"(249310034),is_master=False,text="Зебра",word="енот-полоскун"
Guessing word,chad_id=-463144630,user="Алена"(979206065),is_master=False,text="Тигр",word="енот-полоскун"
Guessing word,chad_id=-463144630,user="Динара Гилязева"(776625534),is_master=True,text="Жрет из мусорок в Америке",word="енот-полоскун"
Guessing word,chad_id=-463144630,user="Вульфрик 🐸"(249310034),is_master=False,text="Енот",word="енот-полоскун"
Guessing word,chad_id=-463144630,user="Алена"(979206065),is_master=False,text="?!",word="енот-полоскун"
Guessing word,chad_id=-463144630,user="Динара Гилязева"(776625534),is_master=True,text="Теперь второе слово",word="енот-полоскун"
Guessing word,chad_id=-463144630,user="Алена"(979206065),is_master=False,text="?",word="енот-полоскун"
Guessing word,chad_id=-463144630,user="Динара Гилязева"(776625534),is_master=True,text="Он стирает одежду",word="енот-полоскун"
Guessing word,chad_id=-463144630,user="Алена"(979206065),is_master=False,text="По два?",word="енот-полоскун"
Guessing word,chad_id=-463144630,user="Вульфрик 🐸"(249310034),is_master=False,text="Енот полоскун",word="енот-полоскун"
Guessing word,chad_id=-463144630,user="Алена"(979206065),is_master=False,text="Енот полоскун",word="енот-полоскун"
Guessing word,chad_id=-463144630,user="Динара Гилязева"(776625534),is_master=True,text="Через тире",word="енот-полоскун"
chat_id=-463144630, New master is "Алена"(979206065)
Guessing word,chad_id=-463144630,user="Алена"(979206065),is_master=True,text="Енот-полоскун",word="енот-полоскун"
Guessing word,chad_id=-463144630,user="Вульфрик 🐸"(249310034),is_master=False,text="Да блять",word="медуза"
Guessing word,chad_id=-463144630,user="Вульфрик 🐸"(249310034),is_master=False,text="ааааааааааааа",word="медуза"
Guessing word,chad_id=-463144630,user="Динара Гилязева"(776625534),is_master=False,text="Ахахх",word="медуза"
Guessing word,chad_id=-463144630,user="Алена"(979206065),is_master=True,text="И так",word="медуза"
Guessing word,chad_id=-463144630,user="Алена"(979206065),is_master=True,text="Оно в море",word="медуза"
Guessing word,chad_id=-463144630,user="Алена"(979206065),is_master=True,text="Как желе",word="медуза"
chat_id=-463144630, New master is "Вульфрик 🐸"(249310034)
Guessing word,chad_id=-463144630,user="Вульфрик 🐸"(249310034),is_master=True,text="Медуза",word="медуза"
Guessing word,chad_id=-463144630,user="Динара Гилязева"(776625534),is_master=False,text="Медуза",word="электрик"
Guessing word,chad_id=-463144630,user="Вульфрик 🐸"(249310034),is_master=True,text="ХА",word="электрик"
Guessing word,chad_id=-463144630,user="Динара Гилязева"(776625534),is_master=False,text="Черт",word="электрик"
Guessing word,chad_id=-463144630,user="Алена"(979206065),is_master=False,text="А почему у тебя все на морскую тематику?",word="электрик"
Guessing word,chad_id=-463144630,user="Вульфрик 🐸"(249310034),is_master=True,text="Профессия",word="электрик"
Guessing word,chad_id=-463144630,user="Динара Гилязева"(776625534),is_master=False,text="Да хер его знает",word="электрик"
Guessing word,chad_id=-463144630,user="Алена"(979206065),is_master=False,text="Ну, не все, но мне выпадает",word="электрик"
Guessing word,chad_id=-463144630,user="Алена"(979206065),is_master=False,text="А сколько всего там слов?",word="электрик"
Guessing word,chad_id=-463144630,user="Вульфрик 🐸"(249310034),is_master=True,text="Слово 1",word="электрик"
Guessing word,chad_id=-463144630,user="Динара Гилязева"(776625534),is_master=False,text="133 всего",word="электрик"
Guessing word,chad_id=-463144630,user="Динара Гилязева"(776625534),is_master=False,text="Слов",word="электрик"
Guessing word,chad_id=-463144630,user="Алена"(979206065),is_master=False,text="Нормально так",word="электрик"
Guessing word,chad_id=-463144630,user="Динара Гилязева"(776625534),is_master=False,text="Ну мало на самом деле",word="электрик"
Guessing word,chad_id=-463144630,user="Вульфрик 🐸"(249310034),is_master=True,text="Ей",word="электрик"
Guessing word,chad_id=-463144630,user="Динара Гилязева"(776625534),is_master=False,text="АХАХАХ",word="электрик"
Guessing word,chad_id=-463144630,user="Алена"(979206065),is_master=False,text="Можно больше",word="электрик"
Guessing word,chad_id=-463144630,user="Вульфрик 🐸"(249310034),is_master=True,text="ТАААК",word="электрик"
Guessing word,chad_id=-463144630,user="Вульфрик 🐸"(249310034),is_master=True,text="НЕ НАДО ТУТ",word="электрик"
Guessing word,chad_id=-463144630,user="Динара Гилязева"(776625534),is_master=False,text="Да понятно",word="электрик"
Guessing word,chad_id=-463144630,user="Динара Гилязева"(776625534),is_master=False,text="/maaastee",word="электрик"
Guessing word,chad_id=-463144630,user="Алена"(979206065),is_master=False,text="Что происходит?",word="электрик"
Guessing word,chad_id=-463144630,user="Алена"(979206065),is_master=False,text="/maaaster",word="электрик"
Guessing word,chad_id=-463144630,user="Динара Гилязева"(776625534),is_master=False,text="Ахахх",word="электрик"
Guessing word,chad_id=-463144630,user="Алена"(979206065),is_master=False,text="Эт что",word="электрик"
Got command /master,chat_id=-463144630,user="Динара Гилязева"(776625534),timedelta=-29
chat_id=-463144630, New master is "Динара Гилязева"(776625534)
Guessing word,chad_id=-463144630,user="Вульфрик 🐸"(249310034),is_master=False,text="сук",word="ленивец"
Guessing word,chad_id=-463144630,user="Динара Гилязева"(776625534),is_master=True,text=")) 0)",word="ленивец"
Guessing word,chad_id=-463144630,user="Вульфрик 🐸"(249310034),is_master=False,text="Я тут блин",word="ленивец"
Guessing word,chad_id=-463144630,user="Динара Гилязева"(776625534),is_master=True,text="Ален, короче",word="ленивец"
Guessing word,chad_id=-463144630,user="Алена"(979206065),is_master=False,text="🤣🤣🤣",word="ленивец"
Guessing word,chad_id=-463144630,user="Вульфрик 🐸"(249310034),is_master=False,text="Пытаюсь интересно слово",word="ленивец"
Guessing word,chad_id=-463144630,user="Вульфрик 🐸"(249310034),is_master=False,text="А ты",word="ленивец"
Guessing word,chad_id=-463144630,user="Динара Гилязева"(776625534),is_master=True,text="Если за минуту не угадываешь",word="ленивец"
Guessing word,chad_id=-463144630,user="Вульфрик 🐸"(249310034),is_master=False,text="А ТЫ ВОТ ТАК",word="ленивец"
Guessing word,chad_id=-463144630,user="Динара Гилязева"(776625534),is_master=True,text="То можно стать ведущим",word="ленивец"
Guessing word,chad_id=-463144630,user="Алена"(979206065),is_master=False,text="Прикооольно",word="ленивец"
Guessing word,chad_id=-463144630,user="Алена"(979206065),is_master=False,text="Воспользуюсь",word="ленивец"
Guessing word,chad_id=-463144630,user="Алена"(979206065),is_master=False,text="А как?",word="ленивец"
Guessing word,chad_id=-463144630,user="Динара Гилязева"(776625534),is_master=True,text="Эй",word="ленивец"
Guessing word,chad_id=-463144630,user="Вульфрик 🐸"(249310034),is_master=False,text="Что?)",word="ленивец"
Got command /master,chat_id=-463144630,user="Вульфрик 🐸"(249310034),timedelta=0
chat_id=-463144630, New master is "Вульфрик 🐸"(249310034)
Guessing word,chad_id=-463144630,user="Алена"(979206065),is_master=False,text="Каждый раз прописывать?",word="парадигма"
Guessing word,chad_id=-463144630,user="Алена"(979206065),is_master=False,text="Дай мальчику поиграть)",word="парадигма"
Guessing word,chad_id=-463144630,user="Динара Гилязева"(776625534),is_master=False,text="Можно на него тыкнуть",word="парадигма"
Guessing word,chad_id=-463144630,user="Динара Гилязева"(776625534),is_master=False,text="Хорошо, хорошо",word="парадигма"
Guessing word,chad_id=-463144630,user="Алена"(979206065),is_master=False,text="Не, каждый раз искать",word="парадигма"
Guessing word,chad_id=-463144630,user="Алена"(979206065),is_master=False,text="Оставлю вам эту битву",word="парадигма"
Guessing word,chad_id=-463144630,user="Динара Гилязева"(776625534),is_master=False,text="Наверное все",word="парадигма"
Guessing word,chad_id=-463144630,user="Вульфрик 🐸"(249310034),is_master=True,text="Слово интересное",word="парадигма"
Guessing word,chad_id=-463144630,user="Динара Гилязева"(776625534),is_master=False,text="Главный баг исправлен",word="парадигма"
Guessing word,chad_id=-463144630,user="Динара Гилязева"(776625534),is_master=False,text="Давай",word="парадигма"
Guessing word,chad_id=-463144630,user="Алена"(979206065),is_master=False,text="Давай ещё поиграем",word="парадигма"
Guessing word,chad_id=-463144630,user="Алена"(979206065),is_master=False,text="Прикольно",word="парадигма"
Guessing word,chad_id=-463144630,user="Вульфрик 🐸"(249310034),is_master=True,text="Объяснить той ещё задачкой будет",word="парадигма"
Guessing word,chad_id=-463144630,user="Динара Гилязева"(776625534),is_master=False,text="Хехехех)",word="парадигма"
Guessing word,chad_id=-463144630,user="Алена"(979206065),is_master=False,text="Быстрее",word="парадигма"
Guessing word,chad_id=-463144630,user="Алена"(979206065),is_master=False,text="Нуууу?",word="парадигма"
Guessing word,chad_id=-463144630,user="Вульфрик 🐸"(249310034),is_master=True,text="Это что-то вроде набора концепций или шаблонных мнений",word="парадигма"
Guessing word,chad_id=-463144630,user="Алена"(979206065),is_master=False,text="?!",word="парадигма"
Guessing word,chad_id=-463144630,user="Вульфрик 🐸"(249310034),is_master=True,text="Относится к философии",word="парадигма"
Guessing word,chad_id=-463144630,user="Алена"(979206065),is_master=False,text="Клише",word="парадигма"
Guessing word,chad_id=-463144630,user="Алена"(979206065),is_master=False,text="А по проще?",word="парадигма"
Guessing word,chad_id=-463144630,user="Алена"(979206065),is_master=False,text="Стереотип",word="парадигма"
Guessing word,chad_id=-463144630,user="Динара Гилязева"(776625534),is_master=False,text="Давай еще объсняй",word="парадигма"
Guessing word,chad_id=-463144630,user="Алена"(979206065),is_master=False,text="Нуууу",word="парадигма"
Guessing word,chad_id=-463144630,user="Вульфрик 🐸"(249310034),is_master=True,text="Оно относится также к риторике, лингвистике",word="парадигма"
Guessing word,chad_id=-463144630,user="Алена"(979206065),is_master=False,text="Мать твою",word="парадигма"
Guessing word,chad_id=-463144630,user="Алена"(979206065),is_master=False,text="ПРОЩЕ",word="парадигма"
Guessing word,chad_id=-463144630,user="Вульфрик 🐸"(249310034),is_master=True,text="Да никак блять",word="парадигма"
Guessing word,chad_id=-463144630,user="Алена"(979206065),is_master=False,text="Динаааар, что там за слова такие",word="парадигма"
Guessing word,chad_id=-463144630,user="Вульфрик 🐸"(249310034),is_master=True,text="Это концептуальная модель, сформированная в научной области",word="парадигма"
Guessing word,chad_id=-463144630,user="Вульфрик 🐸"(249310034),is_master=True,text="Я могу только так сказать",word="парадигма"
Guessing word,chad_id=-463144630,user="Динара Гилязева"(776625534),is_master=False,text="Стигма",word="парадигма"
Guessing word,chad_id=-463144630,user="Алена"(979206065),is_master=False,text="🤦‍♀️",word="парадигма"
Guessing word,chad_id=-463144630,user="Динара Гилязева"(776625534),is_master=False,text="Базис",word="парадигма"
Guessing word,chad_id=-463144630,user="Вульфрик 🐸"(249310034),is_master=True,text="Динара приближается к истине",word="парадигма"
Guessing word,chad_id=-463144630,user="Динара Гилязева"(776625534),is_master=False,text="Основа",word="парадигма"
Guessing word,chad_id=-463144630,user="Алена"(979206065),is_master=False,text="Я таких слов не знаю",word="парадигма"
Guessing word,chad_id=-463144630,user="Алена"(979206065),is_master=False,text="Ну всс",word="парадигма"
Guessing word,chad_id=-463144630,user="Вульфрик 🐸"(249310034),is_master=True,text="Более умное слово",word="парадигма"
Guessing word,chad_id=-463144630,user="Вульфрик 🐸"(249310034),is_master=True,text="Окей",word="парадигма"
Guessing word,chad_id=-463144630,user="Вульфрик 🐸"(249310034),is_master=True,text="На п",word="парадигма"
Guessing word,chad_id=-463144630,user="Динара Гилязева"(776625534),is_master=False,text="Концепт",word="парадигма"
Guessing word,chad_id=-463144630,user="Алена"(979206065),is_master=False,text="Параплан",word="парадигма"
Guessing word,chad_id=-463144630,user="Динара Гилязева"(776625534),is_master=False,text="...",word="парадигма"
Guessing word,chad_id=-463144630,user="Динара Гилязева"(776625534),is_master=False,text="План",word="парадигма"
Guessing word,chad_id=-463144630,user="Алена"(979206065),is_master=False,text="🤣🤣🤣",word="парадигма"
Guessing word,chad_id=-463144630,user="Динара Гилязева"(776625534),is_master=False,text="Порт",word="парадигма"
Guessing word,chad_id=-463144630,user="Вульфрик 🐸"(249310034),is_master=True,text="Сдаётесь?",word="парадигма"
Guessing word,chad_id=-463144630,user="Динара Гилязева"(776625534),is_master=False,text="Прототип",word="парадигма"
Guessing word,chad_id=-463144630,user="Алена"(979206065),is_master=False,text="Воу",word="парадигма"
Guessing word,chad_id=-463144630,user="Алена"(979206065),is_master=False,text="Хорошая мысль",word="парадигма"
Guessing word,chad_id=-463144630,user="Алена"(979206065),is_master=False,text="А оно так пишется?",word="парадигма"
Guessing word,chad_id=-463144630,user="Вульфрик 🐸"(249310034),is_master=True,text="Ахахахахахахах",word="парадигма"
Guessing word,chad_id=-463144630,user="Динара Гилязева"(776625534),is_master=False,text="Вроде бы так",word="парадигма"
Guessing word,chad_id=-463144630,user="Алена"(979206065),is_master=False,text="Ага",word="парадигма"
Guessing word,chad_id=-463144630,user="Алена"(979206065),is_master=False,text="Ну удиви",word="парадигма"
Guessing word,chad_id=-463144630,user="Динара Гилязева"(776625534),is_master=False,text="А еще объяснений нет?",word="парадигма"
Guessing word,chad_id=-463144630,user="Алена"(979206065),is_master=False,text="Правило",word="парадигма"
Guessing word,chad_id=-463144630,user="Динара Гилязева"(776625534),is_master=False,text="Положение",word="парадигма"
Guessing word,chad_id=-463144630,user="Вульфрик 🐸"(249310034),is_master=True,text="Щас мои знания закончатся",word="парадигма"
Guessing word,chad_id=-463144630,user="Вульфрик 🐸"(249310034),is_master=True,text="Щааа",word="парадигма"
Guessing word,chad_id=-463144630,user="Алена"(979206065),is_master=False,text="Посмешище",word="парадигма"
Guessing word,chad_id=-463144630,user="Динара Гилязева"(776625534),is_master=False,text="Ахаххаахахахаххахаах",word="парадигма"
Guessing word,chad_id=-463144630,user="Алена"(979206065),is_master=False,text="Переносица",word="парадигма"
Guessing word,chad_id=-463144630,user="Алена"(979206065),is_master=False,text="Пепел",word="парадигма"
Guessing word,chad_id=-463144630,user="Алена"(979206065),is_master=False,text="Почка",word="парадигма"
Guessing word,chad_id=-463144630,user="Динара Гилязева"(776625534),is_master=False,text="Палема",word="парадигма"
Guessing word,chad_id=-463144630,user="Алена"(979206065),is_master=False,text="Прах",word="парадигма"
Guessing word,chad_id=-463144630,user="Алена"(979206065),is_master=False,text="Пест",word="парадигма"
Guessing word,chad_id=-463144630,user="Динара Гилязева"(776625534),is_master=False,text="Полемика",word="парадигма"
Guessing word,chad_id=-463144630,user="Алена"(979206065),is_master=False,text="Пласт",word="парадигма"
Guessing word,chad_id=-463144630,user="Алена"(979206065),is_master=False,text="Протеин",word="парадигма"
Guessing word,chad_id=-463144630,user="Динара Гилязева"(776625534),is_master=False,text="Полема",word="парадигма"
Guessing word,chad_id=-463144630,user="Вульфрик 🐸"(249310034),is_master=True,text="Нет, не полема",word="парадигма"
Guessing word,chad_id=-463144630,user="Динара Гилязева"(776625534),is_master=False,text="Окееей",word="парадигма"
Guessing word,chad_id=-463144630,user="Алена"(979206065),is_master=False,text="Перемена",word="парадигма"
Guessing word,chad_id=-463144630,user="Динара Гилязева"(776625534),is_master=False,text="Постулат",word="парадигма"
Guessing word,chad_id=-463144630,user="Алена"(979206065),is_master=False,text="Пемза",word="парадигма"
Guessing word,chad_id=-463144630,user="Алена"(979206065),is_master=False,text="Пельмень",word="парадигма"
Guessing word,chad_id=-463144630,user="Алена"(979206065),is_master=False,text="Мне надоело",word="парадигма"
Guessing word,chad_id=-463144630,user="Алена"(979206065),is_master=False,text="Говори слово",word="парадигма"
Guessing word,chad_id=-463144630,user="Вульфрик 🐸"(249310034),is_master=True,text="Парадигма",word="парадигма"
Guessing word,chad_id=-463144630,user="Вульфрик 🐸"(249310034),is_master=True,text="👌",word="парадигма"
Guessing word,chad_id=-463144630,user="Алена"(979206065),is_master=False,text="Мать твою",word="парадигма"
chat_id=-463144630, New master is "Динара Гилязева"(776625534)
Guessing word,chad_id=-463144630,user="Динара Гилязева"(776625534),is_master=True,text="Парадигма",word="парадигма"
Guessing word,chad_id=-463144630,user="Алена"(979206065),is_master=False,text="А что это?",word="кладоискательство"
Guessing word,chad_id=-463144630,user="Вульфрик 🐸"(249310034),is_master=False,text="Понятие есть такое",word="кладоискательство"
Guessing word,chad_id=-463144630,user="Алена"(979206065),is_master=False,text="Логично",word="кладоискательство"
Guessing word,chad_id=-463144630,user="Динара Гилязева"(776625534),is_master=True,text="А это скорее не спорный вопрос?",word="кладоискательство"
Guessing word,chad_id=-463144630,user="Алена"(979206065),is_master=False,text="Ооооо, философы нашлись",word="кладоискательство"
Guessing word,chad_id=-463144630,user="Алена"(979206065),is_master=False,text="Гугл в помощь",word="кладоискательство"
Guessing word,chad_id=-463144630,user="Алена"(979206065),is_master=False,text="А вообще не пиши те слова, которые не знаешь как отгадать",word="кладоискательство"
Guessing word,chad_id=-463144630,user="Динара Гилязева"(776625534),is_master=True,text="Да. Слово сложное какое-то",word="кладоискательство"
Guessing word,chad_id=-463144630,user="Динара Гилязева"(776625534),is_master=True,text="Можно же сменить",word="кладоискательство"
Guessing word,chad_id=-463144630,user="Алена"(979206065),is_master=False,text="Поставь другое",word="кладоискательство"
Guessing word,chad_id=-463144630,user="Алена"(979206065),is_master=False,text="На п обязательно?",word="кладоискательство"
Guessing word,chad_id=-463144630,user="Динара Гилязева"(776625534),is_master=True,text="Вот у меня прикольное слово",word="кладоискательство"
Guessing word,chad_id=-463144630,user="Алена"(979206065),is_master=False,text="Удиви😏",word="кладоискательство"
Guessing word,chad_id=-463144630,user="Динара Гилязева"(776625534),is_master=True,text="Процесс в котором находят сокровища",word="кладоискательство"
Guessing word,chad_id=-463144630,user="Вульфрик 🐸"(249310034),is_master=False,text="Раскопки",word="кладоискательство"
Guessing word,chad_id=-463144630,user="Алена"(979206065),is_master=False,text="Кладоискание",word="кладоискательство"
Guessing word,chad_id=-463144630,user="Динара Гилязева"(776625534),is_master=True,text="Воо",word="кладоискательство"
Guessing word,chad_id=-463144630,user="Динара Гилязева"(776625534),is_master=True,text="Алена правильно",word="кладоискательство"
Guessing word,chad_id=-463144630,user="Вульфрик 🐸"(249310034),is_master=False,text="Клад",word="кладоискательство"
Guessing word,chad_id=-463144630,user="Алена"(979206065),is_master=False,text="Кладокопание",word="кладоискательство"
Guessing word,chad_id=-463144630,user="Динара Гилязева"(776625534),is_master=True,text="Только конец измени",word="кладоискательство"
Guessing word,chad_id=-463144630,user="Алена"(979206065),is_master=False,text="Кладоиск",word="кладоискательство"
Guessing word,chad_id=-463144630,user="Алена"(979206065),is_master=False,text="Кладоискатель",word="кладоискательство"
Guessing word,chad_id=-463144630,user="Динара Гилязева"(776625534),is_master=True,text="Вот это, тольлько не -ание",word="кладоискательство"
Guessing word,chad_id=-463144630,user="Алена"(979206065),is_master=False,text="Кладопоиск",word="кладоискательство"
Guessing word,chad_id=-463144630,user="Алена"(979206065),is_master=False,text="Кладоищение",word="кладоискательство"
Guessing word,chad_id=-463144630,user="Алена"(979206065),is_master=False,text="Кладопоиск",word="кладоискательство"
Guessing word,chad_id=-463144630,user="Вульфрик 🐸"(249310034),is_master=False,text="Кладокопание",word="кладоискательство"
Guessing word,chad_id=-463144630,user="Алена"(979206065),is_master=False,text="Боже",word="кладоискательство"
Guessing word,chad_id=-463144630,user="Алена"(979206065),is_master=False,text="Кладорытье",word="кладоискательство"
Guessing word,chad_id=-463144630,user="Алена"(979206065),is_master=False,text="🤣",word="кладоискательство"
Guessing word,chad_id=-463144630,user="Динара Гилязева"(776625534),is_master=True,text="Алена, правильно было",word="кладоискательство"
Guessing word,chad_id=-463144630,user="Вульфрик 🐸"(249310034),is_master=False,text="Кладопоиск",word="кладоискательство"
Guessing word,chad_id=-463144630,user="Алена"(979206065),is_master=False,text="Кладоискание?",word="кладоискательство"
Guessing word,chad_id=-463144630,user="Алена"(979206065),is_master=False,text="Кладоискание",word="кладоискательство"
Guessing word,chad_id=-463144630,user="Вульфрик 🐸"(249310034),is_master=False,text="Кладоискатель",word="кладоискательство"
Guessing word,chad_id=-463144630,user="Динара Гилязева"(776625534),is_master=True,text="Изменяй еще",word="кладоискательство"
chat_id=-463144630, New master is "Вульфрик 🐸"(249310034)
Guessing word,chad_id=-463144630,user="Вульфрик 🐸"(249310034),is_master=True,text="Кладоискательство",word="кладоискательство"
Guessing word,chad_id=-463144630,user="Алена"(979206065),is_master=False,text="Кладопоиск",word="пеликан"
Guessing word,chad_id=-463144630,user="Алена"(979206065),is_master=False,text="Вах",word="пеликан"
Guessing word,chad_id=-463144630,user="Алена"(979206065),is_master=False,text="Прмкольно",word="пеликан"
Guessing word,chad_id=-463144630,user="Вульфрик 🐸"(249310034),is_master=True,text="Ой",word="пеликан"
Guessing word,chad_id=-463144630,user="Алена"(979206065),is_master=False,text="Какой счёт?",word="пеликан"
Guessing word,chad_id=-463144630,user="Вульфрик 🐸"(249310034),is_master=True,text="Прикольная птица, способная сразу прогладить рыбу приличных размеров",word="пеликан"
Guessing word,chad_id=-463144630,user="Алена"(979206065),is_master=False,text="Динааар",word="пеликан"
Got command /rating,chat_id=-463144630,rating=Динара Гилязева: 3 Алена: 2 Вульфрик 🐸: 2 
chat_id=-463144630, New master is "Алена"(979206065)
Guessing word,chad_id=-463144630,user="Алена"(979206065),is_master=True,text="Пеликан",word="пеликан"
Guessing word,chad_id=-463144630,user="Алена"(979206065),is_master=True,text="Борт работница самолета",word="стюардесса"
Guessing word,chad_id=-463144630,user="Динара Гилязева"(776625534),is_master=False,text="Проводница",word="стюардесса"
Guessing word,chad_id=-463144630,user="Алена"(979206065),is_master=True,text="Бортпроводница",word="стюардесса"
chat_id=-463144630, New master is "Вульфрик 🐸"(249310034)
Guessing word,chad_id=-463144630,user="Вульфрик 🐸"(249310034),is_master=True,text="Стюардесса",word="стюардесса"
Guessing word,chad_id=-463144630,user="Алена"(979206065),is_master=False,text="Маладец",word="психиатр"
Guessing word,chad_id=-463144630,user="Динара Гилязева"(776625534),is_master=False,text="Оке. Наверное, я его остановлю уже",word="психиатр"
Guessing word,chad_id=-463144630,user="Вульфрик 🐸"(249310034),is_master=True,text="Врач, к которому стоит обратиться если с головой что-то не так",word="психиатр"
Guessing word,chad_id=-463144630,user="Алена"(979206065),is_master=False,text="Динар, не очень понятен счет",word="психиатр"
Guessing word,chad_id=-463144630,user="Алена"(979206065),is_master=False,text="Сделай так, чтобы в столбик было",word="психиатр"
Guessing word,chad_id=-463144630,user="Алена"(979206065),is_master=False,text="А то сливается",word="психиатр"
Guessing word,chad_id=-463144630,user="Динара Гилязева"(776625534),is_master=False,text="С радостью",word="психиатр"
Guessing word,chad_id=-463144630,user="Динара Гилязева"(776625534),is_master=False,text="Но не могу)) 0)",word="психиатр"
chat_id=-463144630, New master is "Алена"(979206065)
Guessing word,chad_id=-463144630,user="Алена"(979206065),is_master=True,text="Психиатр",word="психиатр"
Guessing word,chad_id=-463144630,user="Динара Гилязева"(776625534),is_master=False,text="Не получилось короче",word="хамелеон"
Guessing word,chad_id=-463144630,user="Алена"(979206065),is_master=True,text="Жаль",word="хамелеон"
Guessing word,chad_id=-463144630,user="Динара Гилязева"(776625534),is_master=False,text="Странно на самом деле",word="хамелеон"
Guessing word,chad_id=-463144630,user="Алена"(979206065),is_master=True,text="Ящерица, которая меняет цвет",word="хамелеон"
chat_id=-463144630, New master is "Динара Гилязева"(776625534)
Guessing word,chad_id=-463144630,user="Динара Гилязева"(776625534),is_master=True,text="Хамелеон",word="хамелеон"
Guessing word,chad_id=-463144630,user="Динара Гилязева"(776625534),is_master=True,text="Все, стопаю",word="опера"
Guessing word,chad_id=-463144630,user="Алена"(979206065),is_master=False,text="Прикольно короче",word="опера"
Guessing word,chad_id=-463144630,user="Динара Гилязева"(776625534),is_master=True,text="Благодарю за помощь",word="опера"
Guessing word,chad_id=-463144630,user="Вульфрик 🐸"(249310034),is_master=False,text="Не за что)",word="опера"
Guessing word,chad_id=-463144630,user="Алена"(979206065),is_master=False,text="Но слов наверное маловато",word="опера"
Guessing word,chad_id=-463144630,user="Динара Гилязева"(776625534),is_master=True,text="Они не будут повторяться",word="опера"
Guessing word,chad_id=-463144630,user="Динара Гилязева"(776625534),is_master=True,text="Да пофиг, главное что работает",word="опера"
Guessing word,chad_id=-463144630,user="Алена"(979206065),is_master=False,text="Аа, тогда ок",word="опера"
2026-01-09 20:43:16,646 - INFO - HTTP Request: POST https://api.telegram.org/bot5465975914:AAECix-Ani6-klO37Ru-0OzcU5EyepSkAB8/getMe "HTTP/1.1 200 OK"
2026-01-09 20:43:16,755 - INFO - HTTP Request: POST https://api.telegram.org/bot5465975914:AAECix-Ani6-klO37Ru-0OzcU5EyepSkAB8/deleteWebhook "HTTP/1.1 200 OK"
2026-01-09 20:43:16,756 - INFO - Application started
2026-01-09 20:43:27,090 - INFO - HTTP Request: POST https://api.telegram.org/bot5465975914:AAECix-Ani6-klO37Ru-0OzcU5EyepSkAB8/getUpdates "HTTP/1.1 200 OK"
2026-01-09 20:43:37,192 - INFO - HTTP Request: POST https://api.telegram.org/bot5465975914:AAECix-Ani6-klO37Ru-0OzcU5EyepSkAB8/getUpdates "HTTP/1.1 200 OK"
2026-01-09 20:43:47,297 - INFO - HTTP Request: POST https://api.telegram.org/bot5465975914:AAECix-Ani6-klO37Ru-0OzcU5EyepSkAB8/getUpdates "HTTP/1.1 200 OK"
2026-01-09 20:43:57,398 - INFO - HTTP Request: POST https://api.telegram.org/bot5465975914:AAECix-Ani6-klO37Ru-0OzcU5EyepSkAB8/getUpdates "HTTP/1.1 200 OK"
2026-01-09 20:44:07,499 - INFO - HTTP Request: POST https://api.telegram.org/bot5465975914:AAECix-Ani6-klO37Ru-0OzcU5EyepSkAB8/getUpdates "HTTP/1.1 200 OK"
2026-01-09 20:44:10,952 - INFO - HTTP Request: POST https://api.telegram.org/bot5465975914:AAECix-Ani6-klO37Ru-0OzcU5EyepSkAB8/getUpdates "HTTP/1.1 200 OK"
2026-01-09 20:44:11,313 - INFO - HTTP Request: POST https://api.telegram.org/bot5465975914:AAECix-Ani6-klO37Ru-0OzcU5EyepSkAB8/sendMessage "HTTP/1.1 200 OK"
2026-01-09 20:44:21,053 - INFO - HTTP Request: POST https://api.telegram.org/bot5465975914:AAECix-Ani6-klO37Ru-0OzcU5EyepSkAB8/getUpdates "HTTP/1.1 200 OK"
2026-01-09 20:44:31,154 - INFO - HTTP Request: POST https://api.telegram.org/bot5465975914:AAECix-Ani6-klO37Ru-0OzcU5EyepSkAB8/getUpdates "HTTP/1.1 200 OK"
2026-01-09 20:44:41,263 - INFO - HTTP Request: POST https://api.telegram.org/bot5465975914:AAECix-Ani6-klO37Ru-0OzcU5EyepSkAB8/getUpdates "HTTP/1.1 200 OK"
2026-01-09 20:44:51,364 - INFO - HTTP Request: POST https://api.telegram.org/bot5465975914:AAECix-Ani6-klO37Ru-0OzcU5EyepSkAB8/getUpdates "HTTP/1.1 200 OK"
2026-01-09 20:44:59,303 - INFO - HTTP Request: POST https://api.telegram.org/bot5465975914:AAECix-Ani6-klO37Ru-0OzcU5EyepSkAB8/getUpdates "HTTP/1.1 200 OK"
2026-01-09 20:44:59,401 - INFO - HTTP Request: POST https://api.telegram.org/bot5465975914:AAECix-Ani6-klO37Ru-0OzcU5EyepSkAB8/getUpdates "HTTP/1.1 200 OK"
2026-01-09 20:45:09,508 - INFO - HTTP Request: POST https://api.telegram.org/bot5465975914:AAECix-Ani6-klO37Ru-0OzcU5EyepSkAB8/getUpdates "HTTP/1.1 200 OK"
2026-01-09 20:45:19,609 - INFO - HTTP Request: POST https://api.telegram.org/bot5465975914:AAECix-Ani6-klO37Ru-0OzcU5EyepSkAB8/getUpdates "HTTP/1.1 200 OK"
2026-01-09 20:45:24,796 - INFO - HTTP Request: POST https://api.telegram.org/bot5465975914:AAECix-Ani6-klO37Ru-0OzcU5EyepSkAB8/getUpdates "HTTP/1.1 200 OK"
2026-01-09 20:45:24,797 - INFO - /basla | chat_id=-1001436847881 user=687297262
2026-01-09 20:45:25,195 - INFO - HTTP Request: POST https://api.telegram.org/bot5465975914:AAECix-Ani6-klO37Ru-0OzcU5EyepSkAB8/sendMessage "HTTP/1.1 200 OK"
2026-01-09 20:45:25,196 - INFO - New master | chat_id=-1001436847881 user=Tunar Hümmətli (687297262)
2026-01-09 20:45:25,403 - INFO - HTTP Request: POST https://api.telegram.org/bot5465975914:AAECix-Ani6-klO37Ru-0OzcU5EyepSkAB8/sendMessage "HTTP/1.1 200 OK"
2026-01-09 20:45:31,244 - INFO - HTTP Request: POST https://api.telegram.org/bot5465975914:AAECix-Ani6-klO37Ru-0OzcU5EyepSkAB8/getUpdates "HTTP/1.1 200 OK"
2026-01-09 20:45:31,603 - INFO - HTTP Request: POST https://api.telegram.org/bot5465975914:AAECix-Ani6-klO37Ru-0OzcU5EyepSkAB8/answerCallbackQuery "HTTP/1.1 200 OK"
2026-01-09 20:45:31,714 - INFO - HTTP Request: POST https://api.telegram.org/bot5465975914:AAECix-Ani6-klO37Ru-0OzcU5EyepSkAB8/answerCallbackQuery "HTTP/1.1 200 OK"
2026-01-09 20:45:34,655 - INFO - HTTP Request: POST https://api.telegram.org/bot5465975914:AAECix-Ani6-klO37Ru-0OzcU5EyepSkAB8/getUpdates "HTTP/1.1 200 OK"
2026-01-09 20:45:34,781 - INFO - HTTP Request: POST https://api.telegram.org/bot5465975914:AAECix-Ani6-klO37Ru-0OzcU5EyepSkAB8/answerCallbackQuery "HTTP/1.1 200 OK"
2026-01-09 20:45:34,897 - INFO - HTTP Request: POST https://api.telegram.org/bot5465975914:AAECix-Ani6-klO37Ru-0OzcU5EyepSkAB8/answerCallbackQuery "HTTP/1.1 200 OK"
2026-01-09 20:45:35,764 - INFO - HTTP Request: POST https://api.telegram.org/bot5465975914:AAECix-Ani6-klO37Ru-0OzcU5EyepSkAB8/getUpdates "HTTP/1.1 200 OK"
2026-01-09 20:45:35,951 - INFO - HTTP Request: POST https://api.telegram.org/bot5465975914:AAECix-Ani6-klO37Ru-0OzcU5EyepSkAB8/answerCallbackQuery "HTTP/1.1 200 OK"
2026-01-09 20:45:36,109 - INFO - HTTP Request: POST https://api.telegram.org/bot5465975914:AAECix-Ani6-klO37Ru-0OzcU5EyepSkAB8/answerCallbackQuery "HTTP/1.1 200 OK"
2026-01-09 20:45:36,979 - INFO - HTTP Request: POST https://api.telegram.org/bot5465975914:AAECix-Ani6-klO37Ru-0OzcU5EyepSkAB8/getUpdates "HTTP/1.1 200 OK"
2026-01-09 20:45:37,097 - INFO - HTTP Request: POST https://api.telegram.org/bot5465975914:AAECix-Ani6-klO37Ru-0OzcU5EyepSkAB8/answerCallbackQuery "HTTP/1.1 200 OK"
2026-01-09 20:45:37,235 - INFO - HTTP Request: POST https://api.telegram.org/bot5465975914:AAECix-Ani6-klO37Ru-0OzcU5EyepSkAB8/answerCallbackQuery "HTTP/1.1 200 OK"
2026-01-09 20:45:38,286 - INFO - HTTP Request: POST https://api.telegram.org/bot5465975914:AAECix-Ani6-klO37Ru-0OzcU5EyepSkAB8/getUpdates "HTTP/1.1 200 OK"
2026-01-09 20:45:38,457 - INFO - HTTP Request: POST https://api.telegram.org/bot5465975914:AAECix-Ani6-klO37Ru-0OzcU5EyepSkAB8/answerCallbackQuery "HTTP/1.1 200 OK"
2026-01-09 20:45:38,592 - INFO - HTTP Request: POST https://api.telegram.org/bot5465975914:AAECix-Ani6-klO37Ru-0OzcU5EyepSkAB8/answerCallbackQuery "HTTP/1.1 200 OK"
2026-01-09 20:45:39,701 - INFO - HTTP Request: POST https://api.telegram.org/bot5465975914:AAECix-Ani6-klO37Ru-0OzcU5EyepSkAB8/getUpdates "HTTP/1.1 200 OK"
2026-01-09 20:45:39,893 - INFO - HTTP Request: POST https://api.telegram.org/bot5465975914:AAECix-Ani6-klO37Ru-0OzcU5EyepSkAB8/answerCallbackQuery "HTTP/1.1 200 OK"
2026-01-09 20:45:40,063 - INFO - HTTP Request: POST https://api.telegram.org/bot5465975914:AAECix-Ani6-klO37Ru-0OzcU5EyepSkAB8/answerCallbackQuery "HTTP/1.1 200 OK"
2026-01-09 20:45:40,465 - INFO - HTTP Request: POST https://api.telegram.org/bot5465975914:AAECix-Ani6-klO37Ru-0OzcU5EyepSkAB8/getUpdates "HTTP/1.1 200 OK"
2026-01-09 20:45:40,596 - INFO - HTTP Request: POST https://api.telegram.org/bot5465975914:AAECix-Ani6-klO37Ru-0OzcU5EyepSkAB8/answerCallbackQuery "HTTP/1.1 200 OK"
2026-01-09 20:45:40,776 - INFO - HTTP Request: POST https://api.telegram.org/bot5465975914:AAECix-Ani6-klO37Ru-0OzcU5EyepSkAB8/answerCallbackQuery "HTTP/1.1 200 OK"
2026-01-09 20:45:41,746 - INFO - HTTP Request: POST https://api.telegram.org/bot5465975914:AAECix-Ani6-klO37Ru-0OzcU5EyepSkAB8/getUpdates "HTTP/1.1 200 OK"
2026-01-09 20:45:41,870 - INFO - HTTP Request: POST https://api.telegram.org/bot5465975914:AAECix-Ani6-klO37Ru-0OzcU5EyepSkAB8/answerCallbackQuery "HTTP/1.1 200 OK"
2026-01-09 20:45:41,990 - INFO - HTTP Request: POST https://api.telegram.org/bot5465975914:AAECix-Ani6-klO37Ru-0OzcU5EyepSkAB8/answerCallbackQuery "HTTP/1.1 200 OK"
2026-01-09 20:45:50,629 - INFO - HTTP Request: POST https://api.telegram.org/bot5465975914:AAECix-Ani6-klO37Ru-0OzcU5EyepSkAB8/getUpdates "HTTP/1.1 200 OK"
2026-01-09 20:45:50,630 - INFO - /basla | chat_id=-1001436847881 user=687297262
2026-01-09 20:45:50,988 - INFO - HTTP Request: POST https://api.telegram.org/bot5465975914:AAECix-Ani6-klO37Ru-0OzcU5EyepSkAB8/sendMessage "HTTP/1.1 200 OK"
2026-01-09 20:45:50,990 - INFO - New master | chat_id=-1001436847881 user=Tunar Hümmətli (687297262)
2026-01-09 20:45:51,161 - INFO - HTTP Request: POST https://api.telegram.org/bot5465975914:AAECix-Ani6-klO37Ru-0OzcU5EyepSkAB8/sendMessage "HTTP/1.1 200 OK"
2026-01-09 20:45:55,852 - INFO - HTTP Request: POST https://api.telegram.org/bot5465975914:AAECix-Ani6-klO37Ru-0OzcU5EyepSkAB8/getUpdates "HTTP/1.1 200 OK"
2026-01-09 20:45:55,854 - INFO - Application is stopping. This might take a moment.
2026-01-09 20:45:55,854 - INFO - Application.stop() complete
2026-01-09 20:47:55,633 - INFO - HTTP Request: POST https://api.telegram.org/bot5465975914:AAECix-Ani6-klO37Ru-0OzcU5EyepSkAB8/getMe "HTTP/1.1 200 OK"
2026-01-09 20:47:55,734 - INFO - HTTP Request: POST https://api.telegram.org/bot5465975914:AAECix-Ani6-klO37Ru-0OzcU5EyepSkAB8/deleteWebhook "HTTP/1.1 200 OK"
2026-01-09 20:47:55,736 - INFO - Application started
2026-01-09 20:47:56,102 - INFO - HTTP Request: POST https://api.telegram.org/bot5465975914:AAECix-Ani6-klO37Ru-0OzcU5EyepSkAB8/getUpdates "HTTP/1.1 200 OK"
2026-01-09 20:47:56,104 - INFO - /basla | chat_id=-1001436847881 user=687297262
2026-01-09 20:47:56,349 - INFO - HTTP Request: POST https://api.telegram.org/bot5465975914:AAECix-Ani6-klO37Ru-0OzcU5EyepSkAB8/sendMessage "HTTP/1.1 200 OK"
2026-01-09 20:47:56,351 - INFO - New master | chat_id=-1001436847881 user=Tunar Hümmətli (687297262)
2026-01-09 20:47:56,591 - INFO - HTTP Request: POST https://api.telegram.org/bot5465975914:AAECix-Ani6-klO37Ru-0OzcU5EyepSkAB8/sendMessage "HTTP/1.1 200 OK"
2026-01-09 20:47:58,300 - INFO - HTTP Request: POST https://api.telegram.org/bot5465975914:AAECix-Ani6-klO37Ru-0OzcU5EyepSkAB8/getUpdates "HTTP/1.1 200 OK"
2026-01-09 20:47:58,410 - INFO - HTTP Request: POST https://api.telegram.org/bot5465975914:AAECix-Ani6-klO37Ru-0OzcU5EyepSkAB8/answerCallbackQuery "HTTP/1.1 200 OK"
2026-01-09 20:47:58,523 - INFO - HTTP Request: POST https://api.telegram.org/bot5465975914:AAECix-Ani6-klO37Ru-0OzcU5EyepSkAB8/answerCallbackQuery "HTTP/1.1 200 OK"
2026-01-09 20:47:59,813 - INFO - HTTP Request: POST https://api.telegram.org/bot5465975914:AAECix-Ani6-klO37Ru-0OzcU5EyepSkAB8/getUpdates "HTTP/1.1 200 OK"
2026-01-09 20:47:59,921 - INFO - HTTP Request: POST https://api.telegram.org/bot5465975914:AAECix-Ani6-klO37Ru-0OzcU5EyepSkAB8/answerCallbackQuery "HTTP/1.1 200 OK"
2026-01-09 20:48:00,040 - INFO - HTTP Request: POST https://api.telegram.org/bot5465975914:AAECix-Ani6-klO37Ru-0OzcU5EyepSkAB8/answerCallbackQuery "HTTP/1.1 200 OK"
2026-01-09 20:48:00,652 - INFO - HTTP Request: POST https://api.telegram.org/bot5465975914:AAECix-Ani6-klO37Ru-0OzcU5EyepSkAB8/getUpdates "HTTP/1.1 200 OK"
2026-01-09 20:48:00,890 - INFO - HTTP Request: POST https://api.telegram.org/bot5465975914:AAECix-Ani6-klO37Ru-0OzcU5EyepSkAB8/answerCallbackQuery "HTTP/1.1 200 OK"
2026-01-09 20:48:01,105 - INFO - HTTP Request: POST https://api.telegram.org/bot5465975914:AAECix-Ani6-klO37Ru-0OzcU5EyepSkAB8/answerCallbackQuery "HTTP/1.1 200 OK"
2026-01-09 20:48:02,650 - INFO - HTTP Request: POST https://api.telegram.org/bot5465975914:AAECix-Ani6-klO37Ru-0OzcU5EyepSkAB8/getUpdates "HTTP/1.1 200 OK"
2026-01-09 20:48:02,652 - INFO - /basla | chat_id=-1001436847881 user=687297262
2026-01-09 20:48:02,831 - INFO - HTTP Request: POST https://api.telegram.org/bot5465975914:AAECix-Ani6-klO37Ru-0OzcU5EyepSkAB8/sendMessage "HTTP/1.1 200 OK"
2026-01-09 20:48:02,832 - INFO - New master | chat_id=-1001436847881 user=Tunar Hümmətli (687297262)
2026-01-09 20:48:03,001 - INFO - HTTP Request: POST https://api.telegram.org/bot5465975914:AAECix-Ani6-klO37Ru-0OzcU5EyepSkAB8/sendMessage "HTTP/1.1 200 OK"
2026-01-09 20:48:04,241 - INFO - HTTP Request: POST https://api.telegram.org/bot5465975914:AAECix-Ani6-klO37Ru-0OzcU5EyepSkAB8/getUpdates "HTTP/1.1 200 OK"
2026-01-09 20:48:04,354 - INFO - HTTP Request: POST https://api.telegram.org/bot5465975914:AAECix-Ani6-klO37Ru-0OzcU5EyepSkAB8/answerCallbackQuery "HTTP/1.1 200 OK"
2026-01-09 20:48:04,465 - INFO - HTTP Request: POST https://api.telegram.org/bot5465975914:AAECix-Ani6-klO37Ru-0OzcU5EyepSkAB8/answerCallbackQuery "HTTP/1.1 200 OK"
2026-01-09 20:48:08,199 - INFO - HTTP Request: POST https://api.telegram.org/bot5465975914:AAECix-Ani6-klO37Ru-0OzcU5EyepSkAB8/getUpdates "HTTP/1.1 200 OK"
2026-01-09 20:48:08,200 - INFO - Application is stopping. This might take a moment.
2026-01-09 20:48:08,201 - INFO - Application.stop() complete
2026-01-09 20:49:46,943 - INFO - HTTP Request: POST https://api.telegram.org/bot5465975914:AAECix-Ani6-klO37Ru-0OzcU5EyepSkAB8/getMe "HTTP/1.1 200 OK"
2026-01-09 20:49:47,050 - INFO - HTTP Request: POST https://api.telegram.org/bot5465975914:AAECix-Ani6-klO37Ru-0OzcU5EyepSkAB8/deleteWebhook "HTTP/1.1 200 OK"
2026-01-09 20:49:47,052 - INFO - Application started
2026-01-09 20:49:47,369 - INFO - HTTP Request: POST https://api.telegram.org/bot5465975914:AAECix-Ani6-klO37Ru-0OzcU5EyepSkAB8/getUpdates "HTTP/1.1 200 OK"
2026-01-09 20:49:47,507 - INFO - HTTP Request: POST https://api.telegram.org/bot5465975914:AAECix-Ani6-klO37Ru-0OzcU5EyepSkAB8/answerCallbackQuery "HTTP/1.1 400 Bad Request"
2026-01-09 20:49:47,508 - ERROR - No error handlers are registered, logging exception.
Traceback (most recent call last):
  File "C:\Users\Tunar\AppData\Local\Programs\Python\Python313\Lib\site-packages\telegram\ext\_application.py", line 1315, in process_update
    await coroutine
  File "C:\Users\Tunar\AppData\Local\Programs\Python\Python313\Lib\site-packages\telegram\ext\_handlers\basehandler.py", line 159, in handle_update
    return await self.callback(update, context)
           ^^^^^^^^^^^^^^^^^^^^^^^^^^^^^^^^^^^^
  File "D:\Proqram\Python\SozUstası\main.py", line 155, in button
    await query.answer()
  File "C:\Users\Tunar\AppData\Local\Programs\Python\Python313\Lib\site-packages\telegram\_callbackquery.py", line 189, in answer
    return await self.get_bot().answer_callback_query(
           ^^^^^^^^^^^^^^^^^^^^^^^^^^^^^^^^^^^^^^^^^^^
    ...<10 lines>...
    )
    ^
  File "C:\Users\Tunar\AppData\Local\Programs\Python\Python313\Lib\site-packages\telegram\ext\_extbot.py", line 972, in answer_callback_query
    return await super().answer_callback_query(
           ^^^^^^^^^^^^^^^^^^^^^^^^^^^^^^^^^^^^
    ...<10 lines>...
    )
    ^
  File "C:\Users\Tunar\AppData\Local\Programs\Python\Python313\Lib\site-packages\telegram\_bot.py", line 4360, in answer_callback_query
    return await self._post(
           ^^^^^^^^^^^^^^^^^
    ...<7 lines>...
    )
    ^
  File "C:\Users\Tunar\AppData\Local\Programs\Python\Python313\Lib\site-packages\telegram\_bot.py", line 703, in _post
    return await self._do_post(
           ^^^^^^^^^^^^^^^^^^^^
    ...<6 lines>...
    )
    ^
  File "C:\Users\Tunar\AppData\Local\Programs\Python\Python313\Lib\site-packages\telegram\ext\_extbot.py", line 372, in _do_post
    return await super()._do_post(
           ^^^^^^^^^^^^^^^^^^^^^^^
    ...<6 lines>...
    )
    ^
  File "C:\Users\Tunar\AppData\Local\Programs\Python\Python313\Lib\site-packages\telegram\_bot.py", line 732, in _do_post
    result = await request.post(
             ^^^^^^^^^^^^^^^^^^^
    ...<6 lines>...
    )
    ^
  File "C:\Users\Tunar\AppData\Local\Programs\Python\Python313\Lib\site-packages\telegram\request\_baserequest.py", line 198, in post
    result = await self._request_wrapper(
             ^^^^^^^^^^^^^^^^^^^^^^^^^^^^
    ...<7 lines>...
    )
    ^
  File "C:\Users\Tunar\AppData\Local\Programs\Python\Python313\Lib\site-packages\telegram\request\_baserequest.py", line 375, in _request_wrapper
    raise exception
telegram.error.BadRequest: Query is too old and response timeout expired or query id is invalid
2026-01-09 20:49:47,661 - INFO - HTTP Request: POST https://api.telegram.org/bot5465975914:AAECix-Ani6-klO37Ru-0OzcU5EyepSkAB8/answerCallbackQuery "HTTP/1.1 400 Bad Request"
2026-01-09 20:49:47,663 - ERROR - No error handlers are registered, logging exception.
Traceback (most recent call last):
  File "C:\Users\Tunar\AppData\Local\Programs\Python\Python313\Lib\site-packages\telegram\ext\_application.py", line 1315, in process_update
    await coroutine
  File "C:\Users\Tunar\AppData\Local\Programs\Python\Python313\Lib\site-packages\telegram\ext\_handlers\basehandler.py", line 159, in handle_update
    return await self.callback(update, context)
           ^^^^^^^^^^^^^^^^^^^^^^^^^^^^^^^^^^^^
  File "D:\Proqram\Python\SozUstası\main.py", line 155, in button
    await query.answer()
  File "C:\Users\Tunar\AppData\Local\Programs\Python\Python313\Lib\site-packages\telegram\_callbackquery.py", line 189, in answer
    return await self.get_bot().answer_callback_query(
           ^^^^^^^^^^^^^^^^^^^^^^^^^^^^^^^^^^^^^^^^^^^
    ...<10 lines>...
    )
    ^
  File "C:\Users\Tunar\AppData\Local\Programs\Python\Python313\Lib\site-packages\telegram\ext\_extbot.py", line 972, in answer_callback_query
    return await super().answer_callback_query(
           ^^^^^^^^^^^^^^^^^^^^^^^^^^^^^^^^^^^^
    ...<10 lines>...
    )
    ^
  File "C:\Users\Tunar\AppData\Local\Programs\Python\Python313\Lib\site-packages\telegram\_bot.py", line 4360, in answer_callback_query
    return await self._post(
           ^^^^^^^^^^^^^^^^^
    ...<7 lines>...
    )
    ^
  File "C:\Users\Tunar\AppData\Local\Programs\Python\Python313\Lib\site-packages\telegram\_bot.py", line 703, in _post
    return await self._do_post(
           ^^^^^^^^^^^^^^^^^^^^
    ...<6 lines>...
    )
    ^
  File "C:\Users\Tunar\AppData\Local\Programs\Python\Python313\Lib\site-packages\telegram\ext\_extbot.py", line 372, in _do_post
    return await super()._do_post(
           ^^^^^^^^^^^^^^^^^^^^^^^
    ...<6 lines>...
    )
    ^
  File "C:\Users\Tunar\AppData\Local\Programs\Python\Python313\Lib\site-packages\telegram\_bot.py", line 732, in _do_post
    result = await request.post(
             ^^^^^^^^^^^^^^^^^^^
    ...<6 lines>...
    )
    ^
  File "C:\Users\Tunar\AppData\Local\Programs\Python\Python313\Lib\site-packages\telegram\request\_baserequest.py", line 198, in post
    result = await self._request_wrapper(
             ^^^^^^^^^^^^^^^^^^^^^^^^^^^^
    ...<7 lines>...
    )
    ^
  File "C:\Users\Tunar\AppData\Local\Programs\Python\Python313\Lib\site-packages\telegram\request\_baserequest.py", line 375, in _request_wrapper
    raise exception
telegram.error.BadRequest: Query is too old and response timeout expired or query id is invalid
2026-01-09 20:49:48,715 - INFO - HTTP Request: POST https://api.telegram.org/bot5465975914:AAECix-Ani6-klO37Ru-0OzcU5EyepSkAB8/getUpdates "HTTP/1.1 200 OK"
2026-01-09 20:49:48,723 - INFO - /basla | chat_id=-1001436847881 user=687297262
2026-01-09 20:49:48,873 - INFO - HTTP Request: POST https://api.telegram.org/bot5465975914:AAECix-Ani6-klO37Ru-0OzcU5EyepSkAB8/sendMessage "HTTP/1.1 200 OK"
2026-01-09 20:49:48,874 - INFO - New master | chat_id=-1001436847881 user=Tunar Hümmətli (687297262)
2026-01-09 20:49:49,031 - INFO - HTTP Request: POST https://api.telegram.org/bot5465975914:AAECix-Ani6-klO37Ru-0OzcU5EyepSkAB8/sendMessage "HTTP/1.1 200 OK"
2026-01-09 20:49:50,196 - INFO - HTTP Request: POST https://api.telegram.org/bot5465975914:AAECix-Ani6-klO37Ru-0OzcU5EyepSkAB8/getUpdates "HTTP/1.1 200 OK"
2026-01-09 20:49:50,323 - INFO - HTTP Request: POST https://api.telegram.org/bot5465975914:AAECix-Ani6-klO37Ru-0OzcU5EyepSkAB8/answerCallbackQuery "HTTP/1.1 200 OK"
2026-01-09 20:49:50,441 - INFO - HTTP Request: POST https://api.telegram.org/bot5465975914:AAECix-Ani6-klO37Ru-0OzcU5EyepSkAB8/answerCallbackQuery "HTTP/1.1 200 OK"
2026-01-09 20:49:52,408 - INFO - HTTP Request: POST https://api.telegram.org/bot5465975914:AAECix-Ani6-klO37Ru-0OzcU5EyepSkAB8/getUpdates "HTTP/1.1 200 OK"
2026-01-09 20:49:52,639 - INFO - HTTP Request: POST https://api.telegram.org/bot5465975914:AAECix-Ani6-klO37Ru-0OzcU5EyepSkAB8/answerCallbackQuery "HTTP/1.1 200 OK"
2026-01-09 20:49:52,938 - INFO - HTTP Request: POST https://api.telegram.org/bot5465975914:AAECix-Ani6-klO37Ru-0OzcU5EyepSkAB8/answerCallbackQuery "HTTP/1.1 200 OK"
2026-01-09 20:50:02,514 - INFO - HTTP Request: POST https://api.telegram.org/bot5465975914:AAECix-Ani6-klO37Ru-0OzcU5EyepSkAB8/getUpdates "HTTP/1.1 200 OK"
2026-01-09 20:50:12,625 - INFO - HTTP Request: POST https://api.telegram.org/bot5465975914:AAECix-Ani6-klO37Ru-0OzcU5EyepSkAB8/getUpdates "HTTP/1.1 200 OK"
2026-01-09 20:50:22,733 - INFO - HTTP Request: POST https://api.telegram.org/bot5465975914:AAECix-Ani6-klO37Ru-0OzcU5EyepSkAB8/getUpdates "HTTP/1.1 200 OK"
2026-01-09 20:50:32,867 - INFO - HTTP Request: POST https://api.telegram.org/bot5465975914:AAECix-Ani6-klO37Ru-0OzcU5EyepSkAB8/getUpdates "HTTP/1.1 200 OK"
2026-01-09 20:50:43,082 - INFO - HTTP Request: POST https://api.telegram.org/bot5465975914:AAECix-Ani6-klO37Ru-0OzcU5EyepSkAB8/getUpdates "HTTP/1.1 200 OK"
2026-01-09 20:50:53,198 - INFO - HTTP Request: POST https://api.telegram.org/bot5465975914:AAECix-Ani6-klO37Ru-0OzcU5EyepSkAB8/getUpdates "HTTP/1.1 200 OK"
2026-01-09 20:51:03,324 - INFO - HTTP Request: POST https://api.telegram.org/bot5465975914:AAECix-Ani6-klO37Ru-0OzcU5EyepSkAB8/getUpdates "HTTP/1.1 200 OK"
2026-01-09 20:51:13,437 - INFO - HTTP Request: POST https://api.telegram.org/bot5465975914:AAECix-Ani6-klO37Ru-0OzcU5EyepSkAB8/getUpdates "HTTP/1.1 200 OK"
2026-01-09 20:51:23,555 - INFO - HTTP Request: POST https://api.telegram.org/bot5465975914:AAECix-Ani6-klO37Ru-0OzcU5EyepSkAB8/getUpdates "HTTP/1.1 200 OK"
2026-01-09 20:51:33,716 - INFO - HTTP Request: POST https://api.telegram.org/bot5465975914:AAECix-Ani6-klO37Ru-0OzcU5EyepSkAB8/getUpdates "HTTP/1.1 200 OK"
2026-01-09 20:51:43,827 - INFO - HTTP Request: POST https://api.telegram.org/bot5465975914:AAECix-Ani6-klO37Ru-0OzcU5EyepSkAB8/getUpdates "HTTP/1.1 200 OK"
2026-01-09 20:51:53,935 - INFO - HTTP Request: POST https://api.telegram.org/bot5465975914:AAECix-Ani6-klO37Ru-0OzcU5EyepSkAB8/getUpdates "HTTP/1.1 200 OK"
2026-01-09 20:52:04,043 - INFO - HTTP Request: POST https://api.telegram.org/bot5465975914:AAECix-Ani6-klO37Ru-0OzcU5EyepSkAB8/getUpdates "HTTP/1.1 200 OK"
2026-01-09 20:52:14,151 - INFO - HTTP Request: POST https://api.telegram.org/bot5465975914:AAECix-Ani6-klO37Ru-0OzcU5EyepSkAB8/getUpdates "HTTP/1.1 200 OK"
2026-01-09 20:52:24,259 - INFO - HTTP Request: POST https://api.telegram.org/bot5465975914:AAECix-Ani6-klO37Ru-0OzcU5EyepSkAB8/getUpdates "HTTP/1.1 200 OK"
2026-01-09 20:52:34,369 - INFO - HTTP Request: POST https://api.telegram.org/bot5465975914:AAECix-Ani6-klO37Ru-0OzcU5EyepSkAB8/getUpdates "HTTP/1.1 200 OK"
2026-01-09 20:52:44,479 - INFO - HTTP Request: POST https://api.telegram.org/bot5465975914:AAECix-Ani6-klO37Ru-0OzcU5EyepSkAB8/getUpdates "HTTP/1.1 200 OK"
2026-01-09 20:52:54,596 - INFO - HTTP Request: POST https://api.telegram.org/bot5465975914:AAECix-Ani6-klO37Ru-0OzcU5EyepSkAB8/getUpdates "HTTP/1.1 200 OK"
2026-01-09 20:53:04,708 - INFO - HTTP Request: POST https://api.telegram.org/bot5465975914:AAECix-Ani6-klO37Ru-0OzcU5EyepSkAB8/getUpdates "HTTP/1.1 200 OK"
2026-01-09 20:53:14,821 - INFO - HTTP Request: POST https://api.telegram.org/bot5465975914:AAECix-Ani6-klO37Ru-0OzcU5EyepSkAB8/getUpdates "HTTP/1.1 200 OK"
2026-01-09 20:53:24,929 - INFO - HTTP Request: POST https://api.telegram.org/bot5465975914:AAECix-Ani6-klO37Ru-0OzcU5EyepSkAB8/getUpdates "HTTP/1.1 200 OK"
2026-01-09 20:53:35,044 - INFO - HTTP Request: POST https://api.telegram.org/bot5465975914:AAECix-Ani6-klO37Ru-0OzcU5EyepSkAB8/getUpdates "HTTP/1.1 200 OK"
2026-01-09 20:53:45,234 - INFO - HTTP Request: POST https://api.telegram.org/bot5465975914:AAECix-Ani6-klO37Ru-0OzcU5EyepSkAB8/getUpdates "HTTP/1.1 200 OK"
2026-01-09 20:53:55,595 - INFO - HTTP Request: POST https://api.telegram.org/bot5465975914:AAECix-Ani6-klO37Ru-0OzcU5EyepSkAB8/getUpdates "HTTP/1.1 200 OK"
2026-01-09 20:54:05,707 - INFO - HTTP Request: POST https://api.telegram.org/bot5465975914:AAECix-Ani6-klO37Ru-0OzcU5EyepSkAB8/getUpdates "HTTP/1.1 200 OK"
2026-01-09 20:54:16,230 - INFO - HTTP Request: POST https://api.telegram.org/bot5465975914:AAECix-Ani6-klO37Ru-0OzcU5EyepSkAB8/getUpdates "HTTP/1.1 200 OK"
2026-01-09 20:54:26,339 - INFO - HTTP Request: POST https://api.telegram.org/bot5465975914:AAECix-Ani6-klO37Ru-0OzcU5EyepSkAB8/getUpdates "HTTP/1.1 200 OK"
2026-01-09 20:54:36,457 - INFO - HTTP Request: POST https://api.telegram.org/bot5465975914:AAECix-Ani6-klO37Ru-0OzcU5EyepSkAB8/getUpdates "HTTP/1.1 200 OK"
2026-01-09 20:54:46,578 - INFO - HTTP Request: POST https://api.telegram.org/bot5465975914:AAECix-Ani6-klO37Ru-0OzcU5EyepSkAB8/getUpdates "HTTP/1.1 200 OK"
2026-01-09 20:54:56,699 - INFO - HTTP Request: POST https://api.telegram.org/bot5465975914:AAECix-Ani6-klO37Ru-0OzcU5EyepSkAB8/getUpdates "HTTP/1.1 200 OK"
2026-01-09 20:55:06,902 - INFO - HTTP Request: POST https://api.telegram.org/bot5465975914:AAECix-Ani6-klO37Ru-0OzcU5EyepSkAB8/getUpdates "HTTP/1.1 200 OK"
2026-01-09 20:55:17,107 - INFO - HTTP Request: POST https://api.telegram.org/bot5465975914:AAECix-Ani6-klO37Ru-0OzcU5EyepSkAB8/getUpdates "HTTP/1.1 200 OK"
2026-01-09 20:55:27,327 - INFO - HTTP Request: POST https://api.telegram.org/bot5465975914:AAECix-Ani6-klO37Ru-0OzcU5EyepSkAB8/getUpdates "HTTP/1.1 200 OK"
2026-01-09 20:55:33,964 - INFO - HTTP Request: POST https://api.telegram.org/bot5465975914:AAECix-Ani6-klO37Ru-0OzcU5EyepSkAB8/getUpdates "HTTP/1.1 200 OK"
2026-01-09 20:55:33,965 - INFO - Application is stopping. This might take a moment.
2026-01-09 20:55:33,965 - INFO - Application.stop() complete
2026-01-09 20:59:04,493 - INFO - HTTP Request: POST https://api.telegram.org/bot5465975914:AAECix-Ani6-klO37Ru-0OzcU5EyepSkAB8/getMe "HTTP/1.1 200 OK"
2026-01-09 20:59:04,591 - INFO - HTTP Request: POST https://api.telegram.org/bot5465975914:AAECix-Ani6-klO37Ru-0OzcU5EyepSkAB8/deleteWebhook "HTTP/1.1 200 OK"
2026-01-09 20:59:04,593 - INFO - Application started
2026-01-09 20:59:14,886 - INFO - HTTP Request: POST https://api.telegram.org/bot5465975914:AAECix-Ani6-klO37Ru-0OzcU5EyepSkAB8/getUpdates "HTTP/1.1 200 OK"
2026-01-09 20:59:24,986 - INFO - HTTP Request: POST https://api.telegram.org/bot5465975914:AAECix-Ani6-klO37Ru-0OzcU5EyepSkAB8/getUpdates "HTTP/1.1 200 OK"
2026-01-09 20:59:32,391 - INFO - HTTP Request: POST https://api.telegram.org/bot5465975914:AAECix-Ani6-klO37Ru-0OzcU5EyepSkAB8/getUpdates "HTTP/1.1 200 OK"
2026-01-09 20:59:32,393 - INFO - /basla | chat_id=-1001436847881 user=687297262
2026-01-09 20:59:32,767 - INFO - HTTP Request: POST https://api.telegram.org/bot5465975914:AAECix-Ani6-klO37Ru-0OzcU5EyepSkAB8/sendMessage "HTTP/1.1 200 OK"
2026-01-09 20:59:32,768 - INFO - New master | chat_id=-1001436847881 user=Tunar Hümmətli (687297262)
2026-01-09 20:59:32,881 - INFO - HTTP Request: POST https://api.telegram.org/bot5465975914:AAECix-Ani6-klO37Ru-0OzcU5EyepSkAB8/sendMessage "HTTP/1.1 400 Bad Request"
2026-01-09 20:59:32,881 - ERROR - No error handlers are registered, logging exception.
Traceback (most recent call last):
  File "C:\Users\Tunar\AppData\Local\Programs\Python\Python313\Lib\site-packages\telegram\ext\_application.py", line 1315, in process_update
    await coroutine
  File "C:\Users\Tunar\AppData\Local\Programs\Python\Python313\Lib\site-packages\telegram\ext\_handlers\basehandler.py", line 159, in handle_update
    return await self.callback(update, context)
           ^^^^^^^^^^^^^^^^^^^^^^^^^^^^^^^^^^^^
  File "D:\Proqram\Python\SozUstası\main.py", line 81, in command_start
    await set_master(update, context)
  File "D:\Proqram\Python\SozUstası\main.py", line 98, in set_master
    await update.message.reply_text(
    ...<3 lines>...
    )
  File "C:\Users\Tunar\AppData\Local\Programs\Python\Python313\Lib\site-packages\telegram\_message.py", line 2060, in reply_text
    return await self.get_bot().send_message(
           ^^^^^^^^^^^^^^^^^^^^^^^^^^^^^^^^^^
    ...<21 lines>...
    )
    ^
  File "C:\Users\Tunar\AppData\Local\Programs\Python\Python313\Lib\site-packages\telegram\ext\_extbot.py", line 3107, in send_message
    return await super().send_message(
           ^^^^^^^^^^^^^^^^^^^^^^^^^^^
    ...<23 lines>...
    )
    ^
  File "C:\Users\Tunar\AppData\Local\Programs\Python\Python313\Lib\site-packages\telegram\_bot.py", line 1118, in send_message
    return await self._send_message(
           ^^^^^^^^^^^^^^^^^^^^^^^^^
    ...<21 lines>...
    )
    ^
  File "C:\Users\Tunar\AppData\Local\Programs\Python\Python313\Lib\site-packages\telegram\ext\_extbot.py", line 634, in _send_message
    result = await super()._send_message(
             ^^^^^^^^^^^^^^^^^^^^^^^^^^^^
    ...<23 lines>...
    )
    ^
  File "C:\Users\Tunar\AppData\Local\Programs\Python\Python313\Lib\site-packages\telegram\_bot.py", line 819, in _send_message
    result = await self._post(
             ^^^^^^^^^^^^^^^^^
    ...<7 lines>...
    )
    ^
  File "C:\Users\Tunar\AppData\Local\Programs\Python\Python313\Lib\site-packages\telegram\_bot.py", line 703, in _post
    return await self._do_post(
           ^^^^^^^^^^^^^^^^^^^^
    ...<6 lines>...
    )
    ^
  File "C:\Users\Tunar\AppData\Local\Programs\Python\Python313\Lib\site-packages\telegram\ext\_extbot.py", line 372, in _do_post
    return await super()._do_post(
           ^^^^^^^^^^^^^^^^^^^^^^^
    ...<6 lines>...
    )
    ^
  File "C:\Users\Tunar\AppData\Local\Programs\Python\Python313\Lib\site-packages\telegram\_bot.py", line 732, in _do_post
    result = await request.post(
             ^^^^^^^^^^^^^^^^^^^
    ...<6 lines>...
    )
    ^
  File "C:\Users\Tunar\AppData\Local\Programs\Python\Python313\Lib\site-packages\telegram\request\_baserequest.py", line 198, in post
    result = await self._request_wrapper(
             ^^^^^^^^^^^^^^^^^^^^^^^^^^^^
    ...<7 lines>...
    )
    ^
  File "C:\Users\Tunar\AppData\Local\Programs\Python\Python313\Lib\site-packages\telegram\request\_baserequest.py", line 375, in _request_wrapper
    raise exception
telegram.error.BadRequest: Message to be replied not found
2026-01-09 20:59:39,774 - INFO - HTTP Request: POST https://api.telegram.org/bot5465975914:AAECix-Ani6-klO37Ru-0OzcU5EyepSkAB8/getUpdates "HTTP/1.1 200 OK"
2026-01-09 20:59:39,775 - INFO - /basla | chat_id=-1001436847881 user=687297262
2026-01-09 20:59:40,141 - INFO - HTTP Request: POST https://api.telegram.org/bot5465975914:AAECix-Ani6-klO37Ru-0OzcU5EyepSkAB8/sendMessage "HTTP/1.1 200 OK"
2026-01-09 20:59:40,142 - INFO - New master | chat_id=-1001436847881 user=Tunar Hümmətli (687297262)
2026-01-09 20:59:40,318 - INFO - HTTP Request: POST https://api.telegram.org/bot5465975914:AAECix-Ani6-klO37Ru-0OzcU5EyepSkAB8/sendMessage "HTTP/1.1 200 OK"
2026-01-09 20:59:41,515 - INFO - HTTP Request: POST https://api.telegram.org/bot5465975914:AAECix-Ani6-klO37Ru-0OzcU5EyepSkAB8/getUpdates "HTTP/1.1 200 OK"
2026-01-09 20:59:41,672 - INFO - HTTP Request: POST https://api.telegram.org/bot5465975914:AAECix-Ani6-klO37Ru-0OzcU5EyepSkAB8/answerCallbackQuery "HTTP/1.1 200 OK"
2026-01-09 20:59:41,845 - INFO - HTTP Request: POST https://api.telegram.org/bot5465975914:AAECix-Ani6-klO37Ru-0OzcU5EyepSkAB8/answerCallbackQuery "HTTP/1.1 200 OK"
2026-01-09 20:59:42,621 - INFO - HTTP Request: POST https://api.telegram.org/bot5465975914:AAECix-Ani6-klO37Ru-0OzcU5EyepSkAB8/getUpdates "HTTP/1.1 200 OK"
2026-01-09 20:59:42,756 - INFO - HTTP Request: POST https://api.telegram.org/bot5465975914:AAECix-Ani6-klO37Ru-0OzcU5EyepSkAB8/answerCallbackQuery "HTTP/1.1 200 OK"
2026-01-09 20:59:42,943 - INFO - HTTP Request: POST https://api.telegram.org/bot5465975914:AAECix-Ani6-klO37Ru-0OzcU5EyepSkAB8/answerCallbackQuery "HTTP/1.1 200 OK"
2026-01-09 20:59:44,375 - INFO - HTTP Request: POST https://api.telegram.org/bot5465975914:AAECix-Ani6-klO37Ru-0OzcU5EyepSkAB8/getUpdates "HTTP/1.1 200 OK"
2026-01-09 20:59:44,486 - INFO - HTTP Request: POST https://api.telegram.org/bot5465975914:AAECix-Ani6-klO37Ru-0OzcU5EyepSkAB8/answerCallbackQuery "HTTP/1.1 200 OK"
2026-01-09 20:59:44,611 - INFO - HTTP Request: POST https://api.telegram.org/bot5465975914:AAECix-Ani6-klO37Ru-0OzcU5EyepSkAB8/answerCallbackQuery "HTTP/1.1 200 OK"
2026-01-09 20:59:54,476 - INFO - HTTP Request: POST https://api.telegram.org/bot5465975914:AAECix-Ani6-klO37Ru-0OzcU5EyepSkAB8/getUpdates "HTTP/1.1 200 OK"
2026-01-09 21:00:04,574 - INFO - HTTP Request: POST https://api.telegram.org/bot5465975914:AAECix-Ani6-klO37Ru-0OzcU5EyepSkAB8/getUpdates "HTTP/1.1 200 OK"
2026-01-09 21:00:14,684 - INFO - HTTP Request: POST https://api.telegram.org/bot5465975914:AAECix-Ani6-klO37Ru-0OzcU5EyepSkAB8/getUpdates "HTTP/1.1 200 OK"
2026-01-09 21:00:24,782 - INFO - HTTP Request: POST https://api.telegram.org/bot5465975914:AAECix-Ani6-klO37Ru-0OzcU5EyepSkAB8/getUpdates "HTTP/1.1 200 OK"
2026-01-09 21:00:34,890 - INFO - HTTP Request: POST https://api.telegram.org/bot5465975914:AAECix-Ani6-klO37Ru-0OzcU5EyepSkAB8/getUpdates "HTTP/1.1 200 OK"
2026-01-09 21:00:44,994 - INFO - HTTP Request: POST https://api.telegram.org/bot5465975914:AAECix-Ani6-klO37Ru-0OzcU5EyepSkAB8/getUpdates "HTTP/1.1 200 OK"
2026-01-09 21:00:55,096 - INFO - HTTP Request: POST https://api.telegram.org/bot5465975914:AAECix-Ani6-klO37Ru-0OzcU5EyepSkAB8/getUpdates "HTTP/1.1 200 OK"
2026-01-09 21:01:05,323 - INFO - HTTP Request: POST https://api.telegram.org/bot5465975914:AAECix-Ani6-klO37Ru-0OzcU5EyepSkAB8/getUpdates "HTTP/1.1 200 OK"
2026-01-09 21:01:15,423 - INFO - HTTP Request: POST https://api.telegram.org/bot5465975914:AAECix-Ani6-klO37Ru-0OzcU5EyepSkAB8/getUpdates "HTTP/1.1 200 OK"
2026-01-09 21:01:25,522 - INFO - HTTP Request: POST https://api.telegram.org/bot5465975914:AAECix-Ani6-klO37Ru-0OzcU5EyepSkAB8/getUpdates "HTTP/1.1 200 OK"
2026-01-09 21:01:35,623 - INFO - HTTP Request: POST https://api.telegram.org/bot5465975914:AAECix-Ani6-klO37Ru-0OzcU5EyepSkAB8/getUpdates "HTTP/1.1 200 OK"
2026-01-09 21:01:45,728 - INFO - HTTP Request: POST https://api.telegram.org/bot5465975914:AAECix-Ani6-klO37Ru-0OzcU5EyepSkAB8/getUpdates "HTTP/1.1 200 OK"
2026-01-09 21:01:55,828 - INFO - HTTP Request: POST https://api.telegram.org/bot5465975914:AAECix-Ani6-klO37Ru-0OzcU5EyepSkAB8/getUpdates "HTTP/1.1 200 OK"
2026-01-09 21:02:05,923 - INFO - HTTP Request: POST https://api.telegram.org/bot5465975914:AAECix-Ani6-klO37Ru-0OzcU5EyepSkAB8/getUpdates "HTTP/1.1 200 OK"
2026-01-09 21:02:16,025 - INFO - HTTP Request: POST https://api.telegram.org/bot5465975914:AAECix-Ani6-klO37Ru-0OzcU5EyepSkAB8/getUpdates "HTTP/1.1 200 OK"
2026-01-09 21:02:26,124 - INFO - HTTP Request: POST https://api.telegram.org/bot5465975914:AAECix-Ani6-klO37Ru-0OzcU5EyepSkAB8/getUpdates "HTTP/1.1 200 OK"
2026-01-09 21:02:36,221 - INFO - HTTP Request: POST https://api.telegram.org/bot5465975914:AAECix-Ani6-klO37Ru-0OzcU5EyepSkAB8/getUpdates "HTTP/1.1 200 OK"
2026-01-09 21:02:46,321 - INFO - HTTP Request: POST https://api.telegram.org/bot5465975914:AAECix-Ani6-klO37Ru-0OzcU5EyepSkAB8/getUpdates "HTTP/1.1 200 OK"
2026-01-09 21:02:56,421 - INFO - HTTP Request: POST https://api.telegram.org/bot5465975914:AAECix-Ani6-klO37Ru-0OzcU5EyepSkAB8/getUpdates "HTTP/1.1 200 OK"
2026-01-09 21:03:06,522 - INFO - HTTP Request: POST https://api.telegram.org/bot5465975914:AAECix-Ani6-klO37Ru-0OzcU5EyepSkAB8/getUpdates "HTTP/1.1 200 OK"
2026-01-09 21:03:16,635 - INFO - HTTP Request: POST https://api.telegram.org/bot5465975914:AAECix-Ani6-klO37Ru-0OzcU5EyepSkAB8/getUpdates "HTTP/1.1 200 OK"
2026-01-09 21:03:26,743 - INFO - HTTP Request: POST https://api.telegram.org/bot5465975914:AAECix-Ani6-klO37Ru-0OzcU5EyepSkAB8/getUpdates "HTTP/1.1 200 OK"
2026-01-09 21:03:36,854 - INFO - HTTP Request: POST https://api.telegram.org/bot5465975914:AAECix-Ani6-klO37Ru-0OzcU5EyepSkAB8/getUpdates "HTTP/1.1 200 OK"
2026-01-09 21:03:46,956 - INFO - HTTP Request: POST https://api.telegram.org/bot5465975914:AAECix-Ani6-klO37Ru-0OzcU5EyepSkAB8/getUpdates "HTTP/1.1 200 OK"
2026-01-09 21:03:50,785 - INFO - HTTP Request: POST https://api.telegram.org/bot5465975914:AAECix-Ani6-klO37Ru-0OzcU5EyepSkAB8/getUpdates "HTTP/1.1 200 OK"
2026-01-09 21:03:50,787 - INFO - /basla | chat_id=-1001436847881 user=687297262
2026-01-09 21:03:51,149 - INFO - HTTP Request: POST https://api.telegram.org/bot5465975914:AAECix-Ani6-klO37Ru-0OzcU5EyepSkAB8/sendMessage "HTTP/1.1 200 OK"
2026-01-09 21:03:51,150 - INFO - New master | chat_id=-1001436847881 user=Tunar Hümmətli (687297262)
2026-01-09 21:03:51,313 - INFO - HTTP Request: POST https://api.telegram.org/bot5465975914:AAECix-Ani6-klO37Ru-0OzcU5EyepSkAB8/sendMessage "HTTP/1.1 200 OK"
2026-01-09 21:03:52,270 - INFO - HTTP Request: POST https://api.telegram.org/bot5465975914:AAECix-Ani6-klO37Ru-0OzcU5EyepSkAB8/getUpdates "HTTP/1.1 200 OK"
2026-01-09 21:03:52,411 - INFO - HTTP Request: POST https://api.telegram.org/bot5465975914:AAECix-Ani6-klO37Ru-0OzcU5EyepSkAB8/answerCallbackQuery "HTTP/1.1 200 OK"
2026-01-09 21:03:52,544 - INFO - HTTP Request: POST https://api.telegram.org/bot5465975914:AAECix-Ani6-klO37Ru-0OzcU5EyepSkAB8/answerCallbackQuery "HTTP/1.1 200 OK"
2026-01-09 21:03:53,579 - INFO - HTTP Request: POST https://api.telegram.org/bot5465975914:AAECix-Ani6-klO37Ru-0OzcU5EyepSkAB8/getUpdates "HTTP/1.1 200 OK"
2026-01-09 21:03:53,690 - INFO - HTTP Request: POST https://api.telegram.org/bot5465975914:AAECix-Ani6-klO37Ru-0OzcU5EyepSkAB8/answerCallbackQuery "HTTP/1.1 200 OK"
2026-01-09 21:03:53,817 - INFO - HTTP Request: POST https://api.telegram.org/bot5465975914:AAECix-Ani6-klO37Ru-0OzcU5EyepSkAB8/answerCallbackQuery "HTTP/1.1 200 OK"
2026-01-09 21:03:54,268 - INFO - HTTP Request: POST https://api.telegram.org/bot5465975914:AAECix-Ani6-klO37Ru-0OzcU5EyepSkAB8/getUpdates "HTTP/1.1 200 OK"
2026-01-09 21:03:54,411 - INFO - HTTP Request: POST https://api.telegram.org/bot5465975914:AAECix-Ani6-klO37Ru-0OzcU5EyepSkAB8/answerCallbackQuery "HTTP/1.1 200 OK"
2026-01-09 21:03:54,571 - INFO - HTTP Request: POST https://api.telegram.org/bot5465975914:AAECix-Ani6-klO37Ru-0OzcU5EyepSkAB8/answerCallbackQuery "HTTP/1.1 200 OK"
2026-01-09 21:03:55,087 - INFO - HTTP Request: POST https://api.telegram.org/bot5465975914:AAECix-Ani6-klO37Ru-0OzcU5EyepSkAB8/getUpdates "HTTP/1.1 200 OK"
2026-01-09 21:03:55,206 - INFO - HTTP Request: POST https://api.telegram.org/bot5465975914:AAECix-Ani6-klO37Ru-0OzcU5EyepSkAB8/answerCallbackQuery "HTTP/1.1 200 OK"
2026-01-09 21:03:55,316 - INFO - HTTP Request: POST https://api.telegram.org/bot5465975914:AAECix-Ani6-klO37Ru-0OzcU5EyepSkAB8/answerCallbackQuery "HTTP/1.1 200 OK"
2026-01-09 21:04:05,245 - INFO - HTTP Request: POST https://api.telegram.org/bot5465975914:AAECix-Ani6-klO37Ru-0OzcU5EyepSkAB8/getUpdates "HTTP/1.1 200 OK"
2026-01-09 21:04:15,347 - INFO - HTTP Request: POST https://api.telegram.org/bot5465975914:AAECix-Ani6-klO37Ru-0OzcU5EyepSkAB8/getUpdates "HTTP/1.1 200 OK"
2026-01-09 21:04:25,448 - INFO - HTTP Request: POST https://api.telegram.org/bot5465975914:AAECix-Ani6-klO37Ru-0OzcU5EyepSkAB8/getUpdates "HTTP/1.1 200 OK"
2026-01-09 21:04:35,551 - INFO - HTTP Request: POST https://api.telegram.org/bot5465975914:AAECix-Ani6-klO37Ru-0OzcU5EyepSkAB8/getUpdates "HTTP/1.1 200 OK"
2026-01-09 21:04:45,656 - INFO - HTTP Request: POST https://api.telegram.org/bot5465975914:AAECix-Ani6-klO37Ru-0OzcU5EyepSkAB8/getUpdates "HTTP/1.1 200 OK"
2026-01-09 21:04:55,770 - INFO - HTTP Request: POST https://api.telegram.org/bot5465975914:AAECix-Ani6-klO37Ru-0OzcU5EyepSkAB8/getUpdates "HTTP/1.1 200 OK"
2026-01-09 21:05:05,878 - INFO - HTTP Request: POST https://api.telegram.org/bot5465975914:AAECix-Ani6-klO37Ru-0OzcU5EyepSkAB8/getUpdates "HTTP/1.1 200 OK"
2026-01-09 21:05:15,982 - INFO - HTTP Request: POST https://api.telegram.org/bot5465975914:AAECix-Ani6-klO37Ru-0OzcU5EyepSkAB8/getUpdates "HTTP/1.1 200 OK"
2026-01-09 21:05:26,081 - INFO - HTTP Request: POST https://api.telegram.org/bot5465975914:AAECix-Ani6-klO37Ru-0OzcU5EyepSkAB8/getUpdates "HTTP/1.1 200 OK"
2026-01-09 21:05:36,200 - INFO - HTTP Request: POST https://api.telegram.org/bot5465975914:AAECix-Ani6-klO37Ru-0OzcU5EyepSkAB8/getUpdates "HTTP/1.1 200 OK"
2026-01-09 21:05:46,327 - INFO - HTTP Request: POST https://api.telegram.org/bot5465975914:AAECix-Ani6-klO37Ru-0OzcU5EyepSkAB8/getUpdates "HTTP/1.1 200 OK"
2026-01-09 21:05:56,430 - INFO - HTTP Request: POST https://api.telegram.org/bot5465975914:AAECix-Ani6-klO37Ru-0OzcU5EyepSkAB8/getUpdates "HTTP/1.1 200 OK"
2026-01-09 21:06:02,959 - INFO - HTTP Request: POST https://api.telegram.org/bot5465975914:AAECix-Ani6-klO37Ru-0OzcU5EyepSkAB8/getMe "HTTP/1.1 200 OK"
2026-01-09 21:06:03,068 - INFO - HTTP Request: POST https://api.telegram.org/bot5465975914:AAECix-Ani6-klO37Ru-0OzcU5EyepSkAB8/deleteWebhook "HTTP/1.1 200 OK"
2026-01-09 21:06:03,069 - INFO - Application started
2026-01-09 21:06:13,356 - INFO - HTTP Request: POST https://api.telegram.org/bot5465975914:AAECix-Ani6-klO37Ru-0OzcU5EyepSkAB8/getUpdates "HTTP/1.1 200 OK"
2026-01-09 21:06:14,577 - INFO - HTTP Request: POST https://api.telegram.org/bot5465975914:AAECix-Ani6-klO37Ru-0OzcU5EyepSkAB8/getUpdates "HTTP/1.1 200 OK"
2026-01-09 21:06:14,578 - INFO - /basla | chat_id=-1001436847881 user=687297262
2026-01-09 21:06:15,044 - INFO - HTTP Request: POST https://api.telegram.org/bot5465975914:AAECix-Ani6-klO37Ru-0OzcU5EyepSkAB8/sendMessage "HTTP/1.1 200 OK"
2026-01-09 21:06:15,045 - INFO - New master | chat_id=-1001436847881 user=Tunar Hümmətli (687297262)
2026-01-09 21:06:15,205 - INFO - HTTP Request: POST https://api.telegram.org/bot5465975914:AAECix-Ani6-klO37Ru-0OzcU5EyepSkAB8/sendMessage "HTTP/1.1 200 OK"
2026-01-09 21:06:16,389 - INFO - HTTP Request: POST https://api.telegram.org/bot5465975914:AAECix-Ani6-klO37Ru-0OzcU5EyepSkAB8/getUpdates "HTTP/1.1 200 OK"
2026-01-09 21:06:16,502 - INFO - HTTP Request: POST https://api.telegram.org/bot5465975914:AAECix-Ani6-klO37Ru-0OzcU5EyepSkAB8/answerCallbackQuery "HTTP/1.1 200 OK"
2026-01-09 21:06:16,616 - INFO - HTTP Request: POST https://api.telegram.org/bot5465975914:AAECix-Ani6-klO37Ru-0OzcU5EyepSkAB8/answerCallbackQuery "HTTP/1.1 200 OK"
2026-01-09 21:06:26,512 - INFO - HTTP Request: POST https://api.telegram.org/bot5465975914:AAECix-Ani6-klO37Ru-0OzcU5EyepSkAB8/getUpdates "HTTP/1.1 200 OK"
2026-01-09 21:06:36,616 - INFO - HTTP Request: POST https://api.telegram.org/bot5465975914:AAECix-Ani6-klO37Ru-0OzcU5EyepSkAB8/getUpdates "HTTP/1.1 200 OK"
2026-01-09 21:06:36,857 - INFO - HTTP Request: POST https://api.telegram.org/bot5465975914:AAECix-Ani6-klO37Ru-0OzcU5EyepSkAB8/getUpdates "HTTP/1.1 200 OK"
2026-01-09 21:06:38,328 - INFO - HTTP Request: POST https://api.telegram.org/bot5465975914:AAECix-Ani6-klO37Ru-0OzcU5EyepSkAB8/getUpdates "HTTP/1.1 200 OK"
2026-01-09 21:06:48,430 - INFO - HTTP Request: POST https://api.telegram.org/bot5465975914:AAECix-Ani6-klO37Ru-0OzcU5EyepSkAB8/getUpdates "HTTP/1.1 200 OK"
2026-01-09 21:06:58,581 - INFO - HTTP Request: POST https://api.telegram.org/bot5465975914:AAECix-Ani6-klO37Ru-0OzcU5EyepSkAB8/getUpdates "HTTP/1.1 200 OK"
2026-01-09 21:07:08,752 - INFO - HTTP Request: POST https://api.telegram.org/bot5465975914:AAECix-Ani6-klO37Ru-0OzcU5EyepSkAB8/getUpdates "HTTP/1.1 200 OK"
2026-01-09 21:07:16,237 - INFO - HTTP Request: POST https://api.telegram.org/bot5465975914:AAECix-Ani6-klO37Ru-0OzcU5EyepSkAB8/getUpdates "HTTP/1.1 200 OK"
2026-01-09 21:07:18,554 - INFO - HTTP Request: POST https://api.telegram.org/bot5465975914:AAECix-Ani6-klO37Ru-0OzcU5EyepSkAB8/getUpdates "HTTP/1.1 200 OK"
2026-01-09 21:07:19,131 - INFO - HTTP Request: POST https://api.telegram.org/bot5465975914:AAECix-Ani6-klO37Ru-0OzcU5EyepSkAB8/getUpdates "HTTP/1.1 200 OK"
2026-01-09 21:07:20,465 - INFO - HTTP Request: POST https://api.telegram.org/bot5465975914:AAECix-Ani6-klO37Ru-0OzcU5EyepSkAB8/getUpdates "HTTP/1.1 200 OK"
2026-01-09 21:07:21,008 - INFO - HTTP Request: POST https://api.telegram.org/bot5465975914:AAECix-Ani6-klO37Ru-0OzcU5EyepSkAB8/getUpdates "HTTP/1.1 200 OK"
2026-01-09 21:07:21,592 - INFO - HTTP Request: POST https://api.telegram.org/bot5465975914:AAECix-Ani6-klO37Ru-0OzcU5EyepSkAB8/getUpdates "HTTP/1.1 200 OK"
2026-01-09 21:07:22,058 - INFO - HTTP Request: POST https://api.telegram.org/bot5465975914:AAECix-Ani6-klO37Ru-0OzcU5EyepSkAB8/getUpdates "HTTP/1.1 200 OK"
2026-01-09 21:07:32,166 - INFO - HTTP Request: POST https://api.telegram.org/bot5465975914:AAECix-Ani6-klO37Ru-0OzcU5EyepSkAB8/getUpdates "HTTP/1.1 200 OK"
2026-01-09 21:07:42,291 - INFO - HTTP Request: POST https://api.telegram.org/bot5465975914:AAECix-Ani6-klO37Ru-0OzcU5EyepSkAB8/getUpdates "HTTP/1.1 200 OK"
2026-01-09 21:07:52,391 - INFO - HTTP Request: POST https://api.telegram.org/bot5465975914:AAECix-Ani6-klO37Ru-0OzcU5EyepSkAB8/getUpdates "HTTP/1.1 200 OK"
2026-01-09 21:08:02,500 - INFO - HTTP Request: POST https://api.telegram.org/bot5465975914:AAECix-Ani6-klO37Ru-0OzcU5EyepSkAB8/getUpdates "HTTP/1.1 200 OK"
2026-01-09 21:08:12,601 - INFO - HTTP Request: POST https://api.telegram.org/bot5465975914:AAECix-Ani6-klO37Ru-0OzcU5EyepSkAB8/getUpdates "HTTP/1.1 200 OK"
2026-01-09 21:08:22,719 - INFO - HTTP Request: POST https://api.telegram.org/bot5465975914:AAECix-Ani6-klO37Ru-0OzcU5EyepSkAB8/getUpdates "HTTP/1.1 200 OK"
2026-01-09 21:08:32,819 - INFO - HTTP Request: POST https://api.telegram.org/bot5465975914:AAECix-Ani6-klO37Ru-0OzcU5EyepSkAB8/getUpdates "HTTP/1.1 200 OK"
2026-01-09 21:08:42,116 - INFO - HTTP Request: POST https://api.telegram.org/bot5465975914:AAECix-Ani6-klO37Ru-0OzcU5EyepSkAB8/getUpdates "HTTP/1.1 200 OK"
2026-01-09 21:08:44,494 - INFO - HTTP Request: POST https://api.telegram.org/bot5465975914:AAECix-Ani6-klO37Ru-0OzcU5EyepSkAB8/getUpdates "HTTP/1.1 200 OK"
2026-01-09 21:08:54,594 - INFO - HTTP Request: POST https://api.telegram.org/bot5465975914:AAECix-Ani6-klO37Ru-0OzcU5EyepSkAB8/getUpdates "HTTP/1.1 200 OK"
2026-01-09 21:09:04,800 - INFO - HTTP Request: POST https://api.telegram.org/bot5465975914:AAECix-Ani6-klO37Ru-0OzcU5EyepSkAB8/getUpdates "HTTP/1.1 200 OK"
2026-01-09 21:09:09,660 - INFO - HTTP Request: POST https://api.telegram.org/bot5465975914:AAECix-Ani6-klO37Ru-0OzcU5EyepSkAB8/getUpdates "HTTP/1.1 200 OK"
2026-01-09 21:09:09,662 - INFO - /basla | chat_id=-1001436847881 user=687297262
2026-01-09 21:09:10,498 - INFO - HTTP Request: POST https://api.telegram.org/bot5465975914:AAECix-Ani6-klO37Ru-0OzcU5EyepSkAB8/sendMessage "HTTP/1.1 200 OK"
2026-01-09 21:09:10,499 - INFO - New master | chat_id=-1001436847881 user=Tunar Hümmətli (687297262)
2026-01-09 21:09:10,824 - INFO - HTTP Request: POST https://api.telegram.org/bot5465975914:AAECix-Ani6-klO37Ru-0OzcU5EyepSkAB8/sendMessage "HTTP/1.1 400 Bad Request"
2026-01-09 21:09:10,825 - ERROR - No error handlers are registered, logging exception.
Traceback (most recent call last):
  File "C:\Users\Tunar\AppData\Local\Programs\Python\Python313\Lib\site-packages\telegram\ext\_application.py", line 1315, in process_update
    await coroutine
  File "C:\Users\Tunar\AppData\Local\Programs\Python\Python313\Lib\site-packages\telegram\ext\_handlers\basehandler.py", line 159, in handle_update
    return await self.callback(update, context)
           ^^^^^^^^^^^^^^^^^^^^^^^^^^^^^^^^^^^^
  File "D:\Proqram\Python\SozUstası\main.py", line 81, in command_start
    await set_master(update, context)
  File "D:\Proqram\Python\SozUstası\main.py", line 98, in set_master
    await update.message.reply_text(
    ...<3 lines>...
    )
  File "C:\Users\Tunar\AppData\Local\Programs\Python\Python313\Lib\site-packages\telegram\_message.py", line 2060, in reply_text
    return await self.get_bot().send_message(
           ^^^^^^^^^^^^^^^^^^^^^^^^^^^^^^^^^^
    ...<21 lines>...
    )
    ^
  File "C:\Users\Tunar\AppData\Local\Programs\Python\Python313\Lib\site-packages\telegram\ext\_extbot.py", line 3107, in send_message
    return await super().send_message(
           ^^^^^^^^^^^^^^^^^^^^^^^^^^^
    ...<23 lines>...
    )
    ^
  File "C:\Users\Tunar\AppData\Local\Programs\Python\Python313\Lib\site-packages\telegram\_bot.py", line 1118, in send_message
    return await self._send_message(
           ^^^^^^^^^^^^^^^^^^^^^^^^^
    ...<21 lines>...
    )
    ^
  File "C:\Users\Tunar\AppData\Local\Programs\Python\Python313\Lib\site-packages\telegram\ext\_extbot.py", line 634, in _send_message
    result = await super()._send_message(
             ^^^^^^^^^^^^^^^^^^^^^^^^^^^^
    ...<23 lines>...
    )
    ^
  File "C:\Users\Tunar\AppData\Local\Programs\Python\Python313\Lib\site-packages\telegram\_bot.py", line 819, in _send_message
    result = await self._post(
             ^^^^^^^^^^^^^^^^^
    ...<7 lines>...
    )
    ^
  File "C:\Users\Tunar\AppData\Local\Programs\Python\Python313\Lib\site-packages\telegram\_bot.py", line 703, in _post
    return await self._do_post(
           ^^^^^^^^^^^^^^^^^^^^
    ...<6 lines>...
    )
    ^
  File "C:\Users\Tunar\AppData\Local\Programs\Python\Python313\Lib\site-packages\telegram\ext\_extbot.py", line 372, in _do_post
    return await super()._do_post(
           ^^^^^^^^^^^^^^^^^^^^^^^
    ...<6 lines>...
    )
    ^
  File "C:\Users\Tunar\AppData\Local\Programs\Python\Python313\Lib\site-packages\telegram\_bot.py", line 732, in _do_post
    result = await request.post(
             ^^^^^^^^^^^^^^^^^^^
    ...<6 lines>...
    )
    ^
  File "C:\Users\Tunar\AppData\Local\Programs\Python\Python313\Lib\site-packages\telegram\request\_baserequest.py", line 198, in post
    result = await self._request_wrapper(
             ^^^^^^^^^^^^^^^^^^^^^^^^^^^^
    ...<7 lines>...
    )
    ^
  File "C:\Users\Tunar\AppData\Local\Programs\Python\Python313\Lib\site-packages\telegram\request\_baserequest.py", line 375, in _request_wrapper
    raise exception
telegram.error.BadRequest: Message to be replied not found
2026-01-09 21:09:19,768 - INFO - HTTP Request: POST https://api.telegram.org/bot5465975914:AAECix-Ani6-klO37Ru-0OzcU5EyepSkAB8/getUpdates "HTTP/1.1 200 OK"
2026-01-09 21:09:27,948 - INFO - HTTP Request: POST https://api.telegram.org/bot5465975914:AAECix-Ani6-klO37Ru-0OzcU5EyepSkAB8/getUpdates "HTTP/1.1 200 OK"
2026-01-09 21:09:30,301 - INFO - HTTP Request: POST https://api.telegram.org/bot5465975914:AAECix-Ani6-klO37Ru-0OzcU5EyepSkAB8/getUpdates "HTTP/1.1 200 OK"
2026-01-09 21:09:30,922 - INFO - HTTP Request: POST https://api.telegram.org/bot5465975914:AAECix-Ani6-klO37Ru-0OzcU5EyepSkAB8/getUpdates "HTTP/1.1 200 OK"
2026-01-09 21:09:41,029 - INFO - HTTP Request: POST https://api.telegram.org/bot5465975914:AAECix-Ani6-klO37Ru-0OzcU5EyepSkAB8/getUpdates "HTTP/1.1 200 OK"
2026-01-09 21:09:51,129 - INFO - HTTP Request: POST https://api.telegram.org/bot5465975914:AAECix-Ani6-klO37Ru-0OzcU5EyepSkAB8/getUpdates "HTTP/1.1 200 OK"
2026-01-09 21:09:52,962 - INFO - HTTP Request: POST https://api.telegram.org/bot5465975914:AAECix-Ani6-klO37Ru-0OzcU5EyepSkAB8/getUpdates "HTTP/1.1 200 OK"
2026-01-09 21:09:52,963 - INFO - /basla | chat_id=-1001436847881 user=687297262
2026-01-09 21:09:53,358 - INFO - HTTP Request: POST https://api.telegram.org/bot5465975914:AAECix-Ani6-klO37Ru-0OzcU5EyepSkAB8/sendMessage "HTTP/1.1 200 OK"
2026-01-09 21:09:53,359 - INFO - New master | chat_id=-1001436847881 user=Tunar Hümmətli (687297262)
2026-01-09 21:09:53,515 - INFO - HTTP Request: POST https://api.telegram.org/bot5465975914:AAECix-Ani6-klO37Ru-0OzcU5EyepSkAB8/sendMessage "HTTP/1.1 200 OK"
2026-01-09 21:09:55,260 - INFO - HTTP Request: POST https://api.telegram.org/bot5465975914:AAECix-Ani6-klO37Ru-0OzcU5EyepSkAB8/getUpdates "HTTP/1.1 200 OK"
2026-01-09 21:09:55,389 - INFO - HTTP Request: POST https://api.telegram.org/bot5465975914:AAECix-Ani6-klO37Ru-0OzcU5EyepSkAB8/answerCallbackQuery "HTTP/1.1 200 OK"
2026-01-09 21:09:55,530 - INFO - HTTP Request: POST https://api.telegram.org/bot5465975914:AAECix-Ani6-klO37Ru-0OzcU5EyepSkAB8/answerCallbackQuery "HTTP/1.1 200 OK"
2026-01-09 21:10:05,360 - INFO - HTTP Request: POST https://api.telegram.org/bot5465975914:AAECix-Ani6-klO37Ru-0OzcU5EyepSkAB8/getUpdates "HTTP/1.1 200 OK"
2026-01-09 21:10:07,003 - INFO - HTTP Request: POST https://api.telegram.org/bot5465975914:AAECix-Ani6-klO37Ru-0OzcU5EyepSkAB8/getUpdates "HTTP/1.1 200 OK"
2026-01-09 21:10:08,559 - INFO - HTTP Request: POST https://api.telegram.org/bot5465975914:AAECix-Ani6-klO37Ru-0OzcU5EyepSkAB8/getUpdates "HTTP/1.1 200 OK"
2026-01-09 21:10:09,268 - INFO - HTTP Request: POST https://api.telegram.org/bot5465975914:AAECix-Ani6-klO37Ru-0OzcU5EyepSkAB8/getUpdates "HTTP/1.1 200 OK"
2026-01-09 21:10:09,817 - INFO - HTTP Request: POST https://api.telegram.org/bot5465975914:AAECix-Ani6-klO37Ru-0OzcU5EyepSkAB8/getUpdates "HTTP/1.1 200 OK"
2026-01-09 21:10:19,921 - INFO - HTTP Request: POST https://api.telegram.org/bot5465975914:AAECix-Ani6-klO37Ru-0OzcU5EyepSkAB8/getUpdates "HTTP/1.1 200 OK"
2026-01-09 21:10:22,636 - INFO - HTTP Request: POST https://api.telegram.org/bot5465975914:AAECix-Ani6-klO37Ru-0OzcU5EyepSkAB8/getUpdates "HTTP/1.1 200 OK"
2026-01-09 21:10:22,637 - INFO - /basla | chat_id=-1001436847881 user=687297262
2026-01-09 21:10:23,018 - INFO - HTTP Request: POST https://api.telegram.org/bot5465975914:AAECix-Ani6-klO37Ru-0OzcU5EyepSkAB8/sendMessage "HTTP/1.1 200 OK"
2026-01-09 21:10:23,020 - INFO - New master | chat_id=-1001436847881 user=Tunar Hümmətli (687297262)
2026-01-09 21:10:23,190 - INFO - HTTP Request: POST https://api.telegram.org/bot5465975914:AAECix-Ani6-klO37Ru-0OzcU5EyepSkAB8/sendMessage "HTTP/1.1 200 OK"
2026-01-09 21:10:26,916 - INFO - HTTP Request: POST https://api.telegram.org/bot5465975914:AAECix-Ani6-klO37Ru-0OzcU5EyepSkAB8/getUpdates "HTTP/1.1 200 OK"
2026-01-09 21:10:36,883 - INFO - HTTP Request: POST https://api.telegram.org/bot5465975914:AAECix-Ani6-klO37Ru-0OzcU5EyepSkAB8/getUpdates "HTTP/1.1 200 OK"
2026-01-09 21:10:36,885 - INFO - /basla | chat_id=-1001436847881 user=687297262
2026-01-09 21:10:37,271 - INFO - HTTP Request: POST https://api.telegram.org/bot5465975914:AAECix-Ani6-klO37Ru-0OzcU5EyepSkAB8/sendMessage "HTTP/1.1 200 OK"
2026-01-09 21:10:37,272 - INFO - New master | chat_id=-1001436847881 user=Tunar Hümmətli (687297262)
2026-01-09 21:10:37,447 - INFO - HTTP Request: POST https://api.telegram.org/bot5465975914:AAECix-Ani6-klO37Ru-0OzcU5EyepSkAB8/sendMessage "HTTP/1.1 200 OK"
2026-01-09 21:10:41,437 - INFO - HTTP Request: POST https://api.telegram.org/bot5465975914:AAECix-Ani6-klO37Ru-0OzcU5EyepSkAB8/getUpdates "HTTP/1.1 200 OK"
2026-01-09 21:10:51,541 - INFO - HTTP Request: POST https://api.telegram.org/bot5465975914:AAECix-Ani6-klO37Ru-0OzcU5EyepSkAB8/getUpdates "HTTP/1.1 200 OK"
2026-01-09 21:10:58,402 - INFO - HTTP Request: POST https://api.telegram.org/bot5465975914:AAECix-Ani6-klO37Ru-0OzcU5EyepSkAB8/getUpdates "HTTP/1.1 200 OK"
2026-01-09 21:10:58,402 - INFO - Guess | chat=-1001436847881 user=687297262 master=True text=.
2026-01-09 21:10:59,256 - INFO - HTTP Request: POST https://api.telegram.org/bot5465975914:AAECix-Ani6-klO37Ru-0OzcU5EyepSkAB8/getUpdates "HTTP/1.1 200 OK"
2026-01-09 21:10:59,258 - INFO - Guess | chat=-1001436847881 user=687297262 master=True text=.
2026-01-09 21:11:00,926 - INFO - HTTP Request: POST https://api.telegram.org/bot5465975914:AAECix-Ani6-klO37Ru-0OzcU5EyepSkAB8/getUpdates "HTTP/1.1 200 OK"
2026-01-09 21:11:00,927 - INFO - Guess | chat=-1001436847881 user=687297262 master=True text=.
2026-01-09 21:11:07,876 - INFO - HTTP Request: POST https://api.telegram.org/bot5465975914:AAECix-Ani6-klO37Ru-0OzcU5EyepSkAB8/getUpdates "HTTP/1.1 200 OK"
2026-01-09 21:11:07,877 - INFO - Application is stopping. This might take a moment.
2026-01-09 21:11:07,877 - INFO - Application.stop() complete
